2016-05-26 15:58:45,310 INFO Increased RLIMIT_NOFILE limit to 1024
2016-05-26 15:58:45,320 INFO RPC interface 'supervisor' initialized
2016-05-26 15:58:45,321 INFO RPC interface 'supervisor' initialized
2016-05-26 15:58:45,321 CRIT Server 'unix_http_server' running without any HTTP authentication checking
2016-05-26 15:58:45,322 INFO daemonizing the supervisord process
2016-05-26 15:58:45,322 INFO set current directory: '/tmp'
2016-05-26 15:58:45,323 INFO supervisord started with pid 1244
2016-05-26 15:58:46,326 INFO spawned: 'shadowsocks' with pid 1245
2016-05-26 15:58:47,709 INFO success: shadowsocks entered RUNNING state, process has stayed up for > than 1 seconds (startsecs)
2016-05-26 16:00:23,224 INFO Increased RLIMIT_NOFILE limit to 1024
2016-05-26 16:11:59,457 INFO Increased RLIMIT_NOFILE limit to 1024
2016-05-26 16:12:09,584 INFO Increased RLIMIT_NOFILE limit to 1024
2016-05-26 16:12:19,542 WARN received SIGTERM indicating exit request
2016-05-26 16:12:19,543 INFO waiting for shadowsocks to die
2016-05-26 16:12:22,796 INFO waiting for shadowsocks to die
2016-05-26 16:12:25,800 INFO waiting for shadowsocks to die
2016-05-26 16:12:28,803 INFO waiting for shadowsocks to die
2016-05-26 16:12:29,805 WARN killing 'shadowsocks' (1245) with SIGKILL
2016-05-26 16:12:29,806 INFO stopped: shadowsocks (terminated by SIGKILL)
2016-05-26 16:21:09,593 INFO Increased RLIMIT_NOFILE limit to 1024
2016-05-26 16:21:09,606 INFO RPC interface 'supervisor' initialized
2016-05-26 16:21:09,606 INFO RPC interface 'supervisor' initialized
2016-05-26 16:21:09,606 CRIT Server 'unix_http_server' running without any HTTP authentication checking
2016-05-26 16:21:09,607 INFO daemonizing the supervisord process
2016-05-26 16:21:09,608 INFO set current directory: '/tmp'
2016-05-26 16:21:09,608 INFO supervisord started with pid 681
2016-05-26 16:21:10,611 INFO spawned: 'shadowsocks' with pid 682
2016-05-26 16:21:12,033 INFO success: shadowsocks entered RUNNING state, process has stayed up for > than 1 seconds (startsecs)
2016-05-26 16:22:04,792 INFO Increased RLIMIT_NOFILE limit to 1024
2016-05-26 16:22:14,917 INFO Increased RLIMIT_NOFILE limit to 1024
2016-05-26 16:22:25,051 INFO Increased RLIMIT_NOFILE limit to 1024
2016-05-26 16:22:35,185 INFO Increased RLIMIT_NOFILE limit to 1024
2016-05-26 16:22:45,316 INFO Increased RLIMIT_NOFILE limit to 1024
2016-05-26 16:22:55,444 INFO Increased RLIMIT_NOFILE limit to 1024
2016-05-26 16:23:05,569 INFO Increased RLIMIT_NOFILE limit to 1024
2016-05-26 16:23:15,696 INFO Increased RLIMIT_NOFILE limit to 1024
2016-05-26 16:23:25,829 INFO Increased RLIMIT_NOFILE limit to 1024
2016-05-26 16:23:35,955 INFO Increased RLIMIT_NOFILE limit to 1024
2016-05-26 16:23:46,082 INFO Increased RLIMIT_NOFILE limit to 1024
2016-05-26 16:23:56,207 INFO Increased RLIMIT_NOFILE limit to 1024
2016-05-26 16:24:06,337 INFO Increased RLIMIT_NOFILE limit to 1024
2016-05-26 16:24:16,464 INFO Increased RLIMIT_NOFILE limit to 1024
2016-05-26 16:24:26,591 INFO Increased RLIMIT_NOFILE limit to 1024
2016-05-26 16:24:36,714 INFO Increased RLIMIT_NOFILE limit to 1024
2016-05-26 16:24:46,841 INFO Increased RLIMIT_NOFILE limit to 1024
2016-05-26 16:24:56,971 INFO Increased RLIMIT_NOFILE limit to 1024
2016-05-26 16:25:07,100 INFO Increased RLIMIT_NOFILE limit to 1024
2016-05-26 16:25:17,225 INFO Increased RLIMIT_NOFILE limit to 1024
2016-05-26 16:25:27,353 INFO Increased RLIMIT_NOFILE limit to 1024
2016-05-26 16:25:37,480 INFO Increased RLIMIT_NOFILE limit to 1024
2016-05-26 16:25:47,604 INFO Increased RLIMIT_NOFILE limit to 1024
2016-05-26 16:25:57,727 INFO Increased RLIMIT_NOFILE limit to 1024
2016-05-26 16:26:07,852 INFO Increased RLIMIT_NOFILE limit to 1024
2016-05-26 16:26:17,978 INFO Increased RLIMIT_NOFILE limit to 1024
2016-05-26 16:26:28,103 INFO Increased RLIMIT_NOFILE limit to 1024
2016-05-26 16:26:38,236 INFO Increased RLIMIT_NOFILE limit to 1024
2016-05-26 16:26:41,196 INFO Increased RLIMIT_NOFILE limit to 1024
2016-05-26 16:26:48,364 INFO Increased RLIMIT_NOFILE limit to 1024
2016-05-26 16:26:58,495 INFO Increased RLIMIT_NOFILE limit to 1024
2016-05-26 16:27:08,623 INFO Increased RLIMIT_NOFILE limit to 1024
2016-05-26 16:27:18,751 INFO Increased RLIMIT_NOFILE limit to 1024
2016-05-26 16:27:28,875 INFO Increased RLIMIT_NOFILE limit to 1024
2016-05-26 16:27:39,006 INFO Increased RLIMIT_NOFILE limit to 1024
2016-05-26 16:27:49,131 INFO Increased RLIMIT_NOFILE limit to 1024
2016-05-26 16:27:59,257 INFO Increased RLIMIT_NOFILE limit to 1024
2016-05-26 16:28:09,380 INFO Increased RLIMIT_NOFILE limit to 1024
2016-05-26 16:28:19,506 INFO Increased RLIMIT_NOFILE limit to 1024
2016-05-26 16:28:29,631 INFO Increased RLIMIT_NOFILE limit to 1024
2016-05-26 16:28:39,755 INFO Increased RLIMIT_NOFILE limit to 1024
2016-05-26 16:28:49,878 INFO Increased RLIMIT_NOFILE limit to 1024
2016-05-26 16:29:00,003 INFO Increased RLIMIT_NOFILE limit to 1024
2016-05-26 16:29:10,127 INFO Increased RLIMIT_NOFILE limit to 1024
2016-05-26 16:29:20,255 INFO Increased RLIMIT_NOFILE limit to 1024
2016-05-26 16:29:30,386 INFO Increased RLIMIT_NOFILE limit to 1024
2016-05-26 16:29:40,514 INFO Increased RLIMIT_NOFILE limit to 1024
2016-05-26 16:29:50,641 INFO Increased RLIMIT_NOFILE limit to 1024
2016-05-26 16:30:00,765 INFO Increased RLIMIT_NOFILE limit to 1024
2016-05-26 16:30:10,898 INFO Increased RLIMIT_NOFILE limit to 1024
2016-05-26 16:30:21,028 INFO Increased RLIMIT_NOFILE limit to 1024
2016-05-26 16:30:31,154 INFO Increased RLIMIT_NOFILE limit to 1024
2016-05-26 16:30:41,277 INFO Increased RLIMIT_NOFILE limit to 1024
2016-05-26 16:30:51,408 INFO Increased RLIMIT_NOFILE limit to 1024
2016-05-26 16:31:01,565 INFO Increased RLIMIT_NOFILE limit to 1024
2016-05-26 16:31:11,698 INFO Increased RLIMIT_NOFILE limit to 1024
2016-05-26 16:31:21,823 INFO Increased RLIMIT_NOFILE limit to 1024
2016-05-26 16:31:31,950 INFO Increased RLIMIT_NOFILE limit to 1024
2016-05-26 16:31:42,088 INFO Increased RLIMIT_NOFILE limit to 1024
2016-05-26 16:31:52,216 INFO Increased RLIMIT_NOFILE limit to 1024
2016-05-26 16:32:02,341 INFO Increased RLIMIT_NOFILE limit to 1024
2016-05-26 16:32:12,469 INFO Increased RLIMIT_NOFILE limit to 1024
2016-05-26 16:32:22,597 INFO Increased RLIMIT_NOFILE limit to 1024
2016-05-26 16:32:32,720 INFO Increased RLIMIT_NOFILE limit to 1024
2016-05-26 16:32:42,846 INFO Increased RLIMIT_NOFILE limit to 1024
2016-05-26 16:32:52,970 INFO Increased RLIMIT_NOFILE limit to 1024
2016-05-26 16:33:03,095 INFO Increased RLIMIT_NOFILE limit to 1024
2016-05-26 16:33:13,222 INFO Increased RLIMIT_NOFILE limit to 1024
2016-05-26 16:33:23,355 INFO Increased RLIMIT_NOFILE limit to 1024
2016-05-26 16:33:33,490 INFO Increased RLIMIT_NOFILE limit to 1024
2016-05-26 16:33:43,616 INFO Increased RLIMIT_NOFILE limit to 1024
2016-05-26 16:33:53,743 INFO Increased RLIMIT_NOFILE limit to 1024
2016-05-26 16:34:03,871 INFO Increased RLIMIT_NOFILE limit to 1024
2016-05-26 16:34:13,999 INFO Increased RLIMIT_NOFILE limit to 1024
2016-05-26 16:34:24,130 INFO Increased RLIMIT_NOFILE limit to 1024
2016-05-26 16:34:34,257 INFO Increased RLIMIT_NOFILE limit to 1024
2016-05-26 16:34:44,380 INFO Increased RLIMIT_NOFILE limit to 1024
2016-05-26 16:34:54,502 INFO Increased RLIMIT_NOFILE limit to 1024
2016-05-26 16:35:04,625 INFO Increased RLIMIT_NOFILE limit to 1024
2016-05-26 16:35:14,752 INFO Increased RLIMIT_NOFILE limit to 1024
2016-05-26 16:35:24,877 INFO Increased RLIMIT_NOFILE limit to 1024
2016-05-26 16:35:35,001 INFO Increased RLIMIT_NOFILE limit to 1024
2016-05-26 16:35:45,129 INFO Increased RLIMIT_NOFILE limit to 1024
2016-05-26 16:35:55,252 INFO Increased RLIMIT_NOFILE limit to 1024
2016-05-26 16:36:05,377 INFO Increased RLIMIT_NOFILE limit to 1024
2016-05-26 16:36:15,503 INFO Increased RLIMIT_NOFILE limit to 1024
2016-05-26 16:36:25,638 INFO Increased RLIMIT_NOFILE limit to 1024
2016-05-26 16:36:35,766 INFO Increased RLIMIT_NOFILE limit to 1024
2016-05-26 16:36:45,891 INFO Increased RLIMIT_NOFILE limit to 1024
2016-05-26 16:36:56,015 INFO Increased RLIMIT_NOFILE limit to 1024
2016-05-26 16:37:06,139 INFO Increased RLIMIT_NOFILE limit to 1024
2016-05-26 16:37:16,265 INFO Increased RLIMIT_NOFILE limit to 1024
2016-05-26 16:37:26,403 INFO Increased RLIMIT_NOFILE limit to 1024
2016-05-26 16:37:36,552 INFO Increased RLIMIT_NOFILE limit to 1024
2016-05-26 16:37:46,698 INFO Increased RLIMIT_NOFILE limit to 1024
2016-05-26 16:37:56,825 INFO Increased RLIMIT_NOFILE limit to 1024
2016-05-26 16:38:06,957 INFO Increased RLIMIT_NOFILE limit to 1024
2016-05-26 16:38:17,084 INFO Increased RLIMIT_NOFILE limit to 1024
2016-05-26 16:38:27,212 INFO Increased RLIMIT_NOFILE limit to 1024
2016-05-26 16:38:37,341 INFO Increased RLIMIT_NOFILE limit to 1024
2016-05-26 16:38:47,466 INFO Increased RLIMIT_NOFILE limit to 1024
2016-05-26 16:38:57,599 INFO Increased RLIMIT_NOFILE limit to 1024
2016-05-26 16:39:07,783 INFO Increased RLIMIT_NOFILE limit to 1024
2016-05-26 16:39:17,908 INFO Increased RLIMIT_NOFILE limit to 1024
2016-05-26 16:39:28,037 INFO Increased RLIMIT_NOFILE limit to 1024
2016-05-26 16:39:38,193 INFO Increased RLIMIT_NOFILE limit to 1024
2016-05-26 16:39:48,327 INFO Increased RLIMIT_NOFILE limit to 1024
2016-05-26 16:39:58,516 INFO Increased RLIMIT_NOFILE limit to 1024
2016-05-26 16:40:08,647 INFO Increased RLIMIT_NOFILE limit to 1024
2016-05-26 16:40:18,779 INFO Increased RLIMIT_NOFILE limit to 1024
2016-05-26 16:40:28,913 INFO Increased RLIMIT_NOFILE limit to 1024
2016-05-26 16:40:39,038 INFO Increased RLIMIT_NOFILE limit to 1024
2016-05-26 16:40:49,174 INFO Increased RLIMIT_NOFILE limit to 1024
2016-05-26 16:40:59,305 INFO Increased RLIMIT_NOFILE limit to 1024
2016-05-26 16:41:09,429 INFO Increased RLIMIT_NOFILE limit to 1024
2016-05-26 16:41:19,563 INFO Increased RLIMIT_NOFILE limit to 1024
2016-05-26 16:41:29,690 INFO Increased RLIMIT_NOFILE limit to 1024
2016-05-26 16:41:39,836 INFO Increased RLIMIT_NOFILE limit to 1024
2016-05-26 16:41:49,962 INFO Increased RLIMIT_NOFILE limit to 1024
2016-05-26 16:42:00,108 INFO Increased RLIMIT_NOFILE limit to 1024
2016-05-26 16:42:10,417 INFO Increased RLIMIT_NOFILE limit to 1024
2016-05-26 16:42:20,545 INFO Increased RLIMIT_NOFILE limit to 1024
2016-05-26 16:42:30,705 INFO Increased RLIMIT_NOFILE limit to 1024
2016-05-26 16:42:40,837 INFO Increased RLIMIT_NOFILE limit to 1024
2016-05-26 16:42:51,277 INFO Increased RLIMIT_NOFILE limit to 1024
2016-05-26 16:43:01,413 INFO Increased RLIMIT_NOFILE limit to 1024
2016-05-26 16:43:11,547 INFO Increased RLIMIT_NOFILE limit to 1024
2016-05-26 16:43:21,673 INFO Increased RLIMIT_NOFILE limit to 1024
2016-05-26 16:43:31,801 INFO Increased RLIMIT_NOFILE limit to 1024
2016-05-26 16:43:41,933 INFO Increased RLIMIT_NOFILE limit to 1024
2016-05-26 16:43:52,063 INFO Increased RLIMIT_NOFILE limit to 1024
2016-05-26 16:44:02,187 INFO Increased RLIMIT_NOFILE limit to 1024
2016-05-26 16:44:12,319 INFO Increased RLIMIT_NOFILE limit to 1024
2016-05-26 16:44:22,444 INFO Increased RLIMIT_NOFILE limit to 1024
2016-05-26 16:44:32,569 INFO Increased RLIMIT_NOFILE limit to 1024
2016-05-26 16:44:42,698 INFO Increased RLIMIT_NOFILE limit to 1024
2016-05-26 16:44:52,824 INFO Increased RLIMIT_NOFILE limit to 1024
2016-05-26 16:45:02,955 INFO Increased RLIMIT_NOFILE limit to 1024
2016-05-26 16:45:13,082 INFO Increased RLIMIT_NOFILE limit to 1024
2016-05-26 16:45:23,206 INFO Increased RLIMIT_NOFILE limit to 1024
2016-05-26 16:45:33,348 INFO Increased RLIMIT_NOFILE limit to 1024
2016-05-26 16:45:43,474 INFO Increased RLIMIT_NOFILE limit to 1024
2016-05-26 16:45:53,606 INFO Increased RLIMIT_NOFILE limit to 1024
2016-05-26 16:46:03,741 INFO Increased RLIMIT_NOFILE limit to 1024
2016-05-26 16:46:13,870 INFO Increased RLIMIT_NOFILE limit to 1024
2016-05-26 16:46:23,998 INFO Increased RLIMIT_NOFILE limit to 1024
2016-05-26 16:46:34,129 INFO Increased RLIMIT_NOFILE limit to 1024
2016-05-26 16:46:44,267 INFO Increased RLIMIT_NOFILE limit to 1024
2016-05-26 16:46:54,392 INFO Increased RLIMIT_NOFILE limit to 1024
2016-05-26 16:47:04,521 INFO Increased RLIMIT_NOFILE limit to 1024
2016-05-26 16:47:14,661 INFO Increased RLIMIT_NOFILE limit to 1024
2016-05-26 16:47:24,799 INFO Increased RLIMIT_NOFILE limit to 1024
2016-05-26 16:47:34,938 INFO Increased RLIMIT_NOFILE limit to 1024
2016-05-26 16:47:45,068 INFO Increased RLIMIT_NOFILE limit to 1024
2016-05-26 16:47:55,195 INFO Increased RLIMIT_NOFILE limit to 1024
2016-05-26 16:48:05,320 INFO Increased RLIMIT_NOFILE limit to 1024
2016-05-26 16:48:15,443 INFO Increased RLIMIT_NOFILE limit to 1024
2016-05-26 16:48:25,572 INFO Increased RLIMIT_NOFILE limit to 1024
2016-05-26 16:48:35,700 INFO Increased RLIMIT_NOFILE limit to 1024
2016-05-26 16:48:45,827 INFO Increased RLIMIT_NOFILE limit to 1024
2016-05-26 16:48:55,954 INFO Increased RLIMIT_NOFILE limit to 1024
2016-05-26 16:49:06,093 INFO Increased RLIMIT_NOFILE limit to 1024
2016-05-26 16:49:16,222 INFO Increased RLIMIT_NOFILE limit to 1024
2016-05-26 16:49:26,350 INFO Increased RLIMIT_NOFILE limit to 1024
2016-05-26 16:49:36,478 INFO Increased RLIMIT_NOFILE limit to 1024
2016-05-26 16:49:46,609 INFO Increased RLIMIT_NOFILE limit to 1024
2016-05-26 16:49:56,739 INFO Increased RLIMIT_NOFILE limit to 1024
2016-05-26 16:50:06,871 INFO Increased RLIMIT_NOFILE limit to 1024
2016-05-26 16:50:17,000 INFO Increased RLIMIT_NOFILE limit to 1024
2016-05-26 16:50:27,132 INFO Increased RLIMIT_NOFILE limit to 1024
2016-05-26 16:50:37,265 INFO Increased RLIMIT_NOFILE limit to 1024
2016-05-26 16:50:47,411 INFO Increased RLIMIT_NOFILE limit to 1024
2016-05-26 16:50:57,541 INFO Increased RLIMIT_NOFILE limit to 1024
2016-05-26 16:51:07,668 INFO Increased RLIMIT_NOFILE limit to 1024
2016-05-26 16:51:17,793 INFO Increased RLIMIT_NOFILE limit to 1024
2016-05-26 16:51:27,919 INFO Increased RLIMIT_NOFILE limit to 1024
2016-05-26 16:51:38,043 INFO Increased RLIMIT_NOFILE limit to 1024
2016-05-26 16:51:48,188 INFO Increased RLIMIT_NOFILE limit to 1024
2016-05-26 16:51:58,328 INFO Increased RLIMIT_NOFILE limit to 1024
2016-05-26 16:52:08,458 INFO Increased RLIMIT_NOFILE limit to 1024
2016-05-26 16:52:18,584 INFO Increased RLIMIT_NOFILE limit to 1024
2016-05-26 16:52:28,710 INFO Increased RLIMIT_NOFILE limit to 1024
2016-05-26 16:52:38,835 INFO Increased RLIMIT_NOFILE limit to 1024
2016-05-26 16:52:48,962 INFO Increased RLIMIT_NOFILE limit to 1024
2016-05-26 16:52:59,091 INFO Increased RLIMIT_NOFILE limit to 1024
2016-05-26 16:53:09,216 INFO Increased RLIMIT_NOFILE limit to 1024
2016-05-26 16:53:19,353 INFO Increased RLIMIT_NOFILE limit to 1024
2016-05-26 16:53:29,479 INFO Increased RLIMIT_NOFILE limit to 1024
2016-05-26 16:53:39,613 INFO Increased RLIMIT_NOFILE limit to 1024
2016-05-26 16:53:49,738 INFO Increased RLIMIT_NOFILE limit to 1024
2016-05-26 16:53:59,864 INFO Increased RLIMIT_NOFILE limit to 1024
2016-05-26 16:54:09,993 INFO Increased RLIMIT_NOFILE limit to 1024
2016-05-26 16:54:20,114 INFO Increased RLIMIT_NOFILE limit to 1024
2016-05-26 16:54:30,245 INFO Increased RLIMIT_NOFILE limit to 1024
2016-05-26 16:54:40,390 INFO Increased RLIMIT_NOFILE limit to 1024
2016-05-26 16:54:50,512 INFO Increased RLIMIT_NOFILE limit to 1024
2016-05-26 16:55:00,640 INFO Increased RLIMIT_NOFILE limit to 1024
2016-05-26 16:55:10,775 INFO Increased RLIMIT_NOFILE limit to 1024
2016-05-26 16:55:20,913 INFO Increased RLIMIT_NOFILE limit to 1024
2016-05-26 16:55:31,038 INFO Increased RLIMIT_NOFILE limit to 1024
2016-05-26 16:55:41,164 INFO Increased RLIMIT_NOFILE limit to 1024
2016-05-26 16:55:51,301 INFO Increased RLIMIT_NOFILE limit to 1024
2016-05-26 16:56:01,436 INFO Increased RLIMIT_NOFILE limit to 1024
2016-05-26 16:56:11,564 INFO Increased RLIMIT_NOFILE limit to 1024
2016-05-26 16:56:21,690 INFO Increased RLIMIT_NOFILE limit to 1024
2016-05-26 16:56:31,820 INFO Increased RLIMIT_NOFILE limit to 1024
2016-05-26 16:56:41,944 INFO Increased RLIMIT_NOFILE limit to 1024
2016-05-26 16:56:52,080 INFO Increased RLIMIT_NOFILE limit to 1024
2016-05-26 16:57:02,203 INFO Increased RLIMIT_NOFILE limit to 1024
2016-05-26 16:57:12,331 INFO Increased RLIMIT_NOFILE limit to 1024
2016-05-26 16:57:22,456 INFO Increased RLIMIT_NOFILE limit to 1024
2016-05-26 16:57:32,587 INFO Increased RLIMIT_NOFILE limit to 1024
2016-05-26 16:57:42,718 INFO Increased RLIMIT_NOFILE limit to 1024
2016-05-26 16:57:52,856 INFO Increased RLIMIT_NOFILE limit to 1024
2016-05-26 16:58:02,979 INFO Increased RLIMIT_NOFILE limit to 1024
2016-05-26 16:58:13,106 INFO Increased RLIMIT_NOFILE limit to 1024
2016-05-26 16:58:23,238 INFO Increased RLIMIT_NOFILE limit to 1024
2016-05-26 16:58:33,367 INFO Increased RLIMIT_NOFILE limit to 1024
2016-05-26 16:58:43,497 INFO Increased RLIMIT_NOFILE limit to 1024
2016-05-26 16:58:53,625 INFO Increased RLIMIT_NOFILE limit to 1024
2016-05-26 16:59:03,755 INFO Increased RLIMIT_NOFILE limit to 1024
2016-05-26 16:59:13,894 INFO Increased RLIMIT_NOFILE limit to 1024
2016-05-26 16:59:24,042 INFO Increased RLIMIT_NOFILE limit to 1024
2016-05-26 16:59:34,175 INFO Increased RLIMIT_NOFILE limit to 1024
2016-05-26 16:59:44,308 INFO Increased RLIMIT_NOFILE limit to 1024
2016-05-26 16:59:54,435 INFO Increased RLIMIT_NOFILE limit to 1024
2016-05-26 17:00:04,564 INFO Increased RLIMIT_NOFILE limit to 1024
2016-05-26 17:00:14,705 INFO Increased RLIMIT_NOFILE limit to 1024
2016-05-26 17:00:24,835 INFO Increased RLIMIT_NOFILE limit to 1024
2016-05-26 17:00:34,963 INFO Increased RLIMIT_NOFILE limit to 1024
2016-05-26 17:00:45,089 INFO Increased RLIMIT_NOFILE limit to 1024
2016-05-26 17:00:55,211 INFO Increased RLIMIT_NOFILE limit to 1024
2016-05-26 17:01:05,338 INFO Increased RLIMIT_NOFILE limit to 1024
2016-05-26 17:01:15,492 INFO Increased RLIMIT_NOFILE limit to 1024
2016-05-26 17:01:25,622 INFO Increased RLIMIT_NOFILE limit to 1024
2016-05-26 17:01:35,755 INFO Increased RLIMIT_NOFILE limit to 1024
2016-05-26 17:01:45,882 INFO Increased RLIMIT_NOFILE limit to 1024
2016-05-26 17:01:56,018 INFO Increased RLIMIT_NOFILE limit to 1024
2016-05-26 17:02:06,145 INFO Increased RLIMIT_NOFILE limit to 1024
2016-05-26 17:02:16,278 INFO Increased RLIMIT_NOFILE limit to 1024
2016-05-26 17:02:26,405 INFO Increased RLIMIT_NOFILE limit to 1024
2016-05-26 17:02:36,532 INFO Increased RLIMIT_NOFILE limit to 1024
2016-05-26 17:02:46,655 INFO Increased RLIMIT_NOFILE limit to 1024
2016-05-26 17:02:56,842 INFO Increased RLIMIT_NOFILE limit to 1024
2016-05-26 17:03:06,972 INFO Increased RLIMIT_NOFILE limit to 1024
2016-05-26 17:03:17,099 INFO Increased RLIMIT_NOFILE limit to 1024
2016-05-26 17:03:27,234 INFO Increased RLIMIT_NOFILE limit to 1024
2016-05-26 17:03:37,362 INFO Increased RLIMIT_NOFILE limit to 1024
2016-05-26 17:03:47,494 INFO Increased RLIMIT_NOFILE limit to 1024
2016-05-26 17:03:57,620 INFO Increased RLIMIT_NOFILE limit to 1024
2016-05-26 17:04:07,750 INFO Increased RLIMIT_NOFILE limit to 1024
2016-05-26 17:04:17,900 INFO Increased RLIMIT_NOFILE limit to 1024
2016-05-26 17:04:28,022 INFO Increased RLIMIT_NOFILE limit to 1024
2016-05-26 17:04:38,148 INFO Increased RLIMIT_NOFILE limit to 1024
2016-05-26 17:04:48,278 INFO Increased RLIMIT_NOFILE limit to 1024
2016-05-26 17:04:58,401 INFO Increased RLIMIT_NOFILE limit to 1024
2016-05-26 17:05:08,534 INFO Increased RLIMIT_NOFILE limit to 1024
2016-05-26 17:05:18,665 INFO Increased RLIMIT_NOFILE limit to 1024
2016-05-26 17:05:28,790 INFO Increased RLIMIT_NOFILE limit to 1024
2016-05-26 17:05:38,919 INFO Increased RLIMIT_NOFILE limit to 1024
2016-05-26 17:05:49,045 INFO Increased RLIMIT_NOFILE limit to 1024
2016-05-26 17:05:59,171 INFO Increased RLIMIT_NOFILE limit to 1024
2016-05-26 17:06:09,309 INFO Increased RLIMIT_NOFILE limit to 1024
2016-05-26 17:06:19,463 INFO Increased RLIMIT_NOFILE limit to 1024
2016-05-26 17:06:29,608 INFO Increased RLIMIT_NOFILE limit to 1024
2016-05-26 17:06:39,735 INFO Increased RLIMIT_NOFILE limit to 1024
2016-05-26 17:06:49,859 INFO Increased RLIMIT_NOFILE limit to 1024
2016-05-26 17:06:59,987 INFO Increased RLIMIT_NOFILE limit to 1024
2016-05-26 17:07:10,110 INFO Increased RLIMIT_NOFILE limit to 1024
2016-05-26 17:07:20,233 INFO Increased RLIMIT_NOFILE limit to 1024
2016-05-26 17:07:30,359 INFO Increased RLIMIT_NOFILE limit to 1024
2016-05-26 17:07:40,490 INFO Increased RLIMIT_NOFILE limit to 1024
2016-05-26 17:07:50,619 INFO Increased RLIMIT_NOFILE limit to 1024
2016-05-26 17:08:00,746 INFO Increased RLIMIT_NOFILE limit to 1024
2016-05-26 17:08:10,873 INFO Increased RLIMIT_NOFILE limit to 1024
2016-05-26 17:08:20,999 INFO Increased RLIMIT_NOFILE limit to 1024
2016-05-26 17:08:31,119 INFO Increased RLIMIT_NOFILE limit to 1024
2016-05-26 17:08:41,245 INFO Increased RLIMIT_NOFILE limit to 1024
2016-05-26 17:08:51,376 INFO Increased RLIMIT_NOFILE limit to 1024
2016-05-26 17:09:01,519 INFO Increased RLIMIT_NOFILE limit to 1024
2016-05-26 17:09:11,644 INFO Increased RLIMIT_NOFILE limit to 1024
2016-05-26 17:09:21,770 INFO Increased RLIMIT_NOFILE limit to 1024
2016-05-26 17:09:31,897 INFO Increased RLIMIT_NOFILE limit to 1024
2016-05-26 17:09:42,024 INFO Increased RLIMIT_NOFILE limit to 1024
2016-05-26 17:09:52,147 INFO Increased RLIMIT_NOFILE limit to 1024
2016-05-26 17:10:02,273 INFO Increased RLIMIT_NOFILE limit to 1024
2016-05-26 17:10:12,399 INFO Increased RLIMIT_NOFILE limit to 1024
2016-05-26 17:10:22,535 INFO Increased RLIMIT_NOFILE limit to 1024
2016-05-26 17:10:32,665 INFO Increased RLIMIT_NOFILE limit to 1024
2016-05-26 17:10:42,795 INFO Increased RLIMIT_NOFILE limit to 1024
2016-05-26 17:10:52,924 INFO Increased RLIMIT_NOFILE limit to 1024
2016-05-26 17:11:03,049 INFO Increased RLIMIT_NOFILE limit to 1024
2016-05-26 17:11:13,178 INFO Increased RLIMIT_NOFILE limit to 1024
2016-05-26 17:11:23,306 INFO Increased RLIMIT_NOFILE limit to 1024
2016-05-26 17:11:33,433 INFO Increased RLIMIT_NOFILE limit to 1024
2016-05-26 17:11:43,555 INFO Increased RLIMIT_NOFILE limit to 1024
2016-05-26 17:11:53,682 INFO Increased RLIMIT_NOFILE limit to 1024
2016-05-26 17:12:03,808 INFO Increased RLIMIT_NOFILE limit to 1024
2016-05-26 17:12:13,934 INFO Increased RLIMIT_NOFILE limit to 1024
2016-05-26 17:12:24,060 INFO Increased RLIMIT_NOFILE limit to 1024
2016-05-26 17:12:34,187 INFO Increased RLIMIT_NOFILE limit to 1024
2016-05-26 17:12:44,446 INFO Increased RLIMIT_NOFILE limit to 1024
2016-05-26 17:12:54,571 INFO Increased RLIMIT_NOFILE limit to 1024
2016-05-26 17:13:04,697 INFO Increased RLIMIT_NOFILE limit to 1024
2016-05-26 17:13:14,822 INFO Increased RLIMIT_NOFILE limit to 1024
2016-05-26 17:13:24,949 INFO Increased RLIMIT_NOFILE limit to 1024
2016-05-26 17:13:35,076 INFO Increased RLIMIT_NOFILE limit to 1024
2016-05-26 17:13:45,211 INFO Increased RLIMIT_NOFILE limit to 1024
2016-05-26 17:13:55,351 INFO Increased RLIMIT_NOFILE limit to 1024
2016-05-26 17:14:05,476 INFO Increased RLIMIT_NOFILE limit to 1024
2016-05-26 17:14:15,603 INFO Increased RLIMIT_NOFILE limit to 1024
2016-05-26 17:14:25,727 INFO Increased RLIMIT_NOFILE limit to 1024
2016-05-26 17:14:35,856 INFO Increased RLIMIT_NOFILE limit to 1024
2016-05-26 17:14:45,991 INFO Increased RLIMIT_NOFILE limit to 1024
2016-05-26 17:14:56,122 INFO Increased RLIMIT_NOFILE limit to 1024
2016-05-26 17:15:06,245 INFO Increased RLIMIT_NOFILE limit to 1024
2016-05-26 17:15:16,368 INFO Increased RLIMIT_NOFILE limit to 1024
2016-05-26 17:15:26,493 INFO Increased RLIMIT_NOFILE limit to 1024
2016-05-26 17:15:36,623 INFO Increased RLIMIT_NOFILE limit to 1024
2016-05-26 17:15:46,749 INFO Increased RLIMIT_NOFILE limit to 1024
2016-05-26 17:15:56,875 INFO Increased RLIMIT_NOFILE limit to 1024
2016-05-26 17:16:06,997 INFO Increased RLIMIT_NOFILE limit to 1024
2016-05-26 17:16:17,132 INFO Increased RLIMIT_NOFILE limit to 1024
2016-05-26 17:16:27,258 INFO Increased RLIMIT_NOFILE limit to 1024
2016-05-26 17:16:37,385 INFO Increased RLIMIT_NOFILE limit to 1024
2016-05-26 17:16:47,512 INFO Increased RLIMIT_NOFILE limit to 1024
2016-05-26 17:16:57,638 INFO Increased RLIMIT_NOFILE limit to 1024
2016-05-26 17:17:07,759 INFO Increased RLIMIT_NOFILE limit to 1024
2016-05-26 17:17:17,889 INFO Increased RLIMIT_NOFILE limit to 1024
2016-05-26 17:17:28,016 INFO Increased RLIMIT_NOFILE limit to 1024
2016-05-26 17:17:38,143 INFO Increased RLIMIT_NOFILE limit to 1024
2016-05-26 17:17:48,273 INFO Increased RLIMIT_NOFILE limit to 1024
2016-05-26 17:17:58,399 INFO Increased RLIMIT_NOFILE limit to 1024
2016-05-26 17:18:08,522 INFO Increased RLIMIT_NOFILE limit to 1024
2016-05-26 17:18:18,653 INFO Increased RLIMIT_NOFILE limit to 1024
2016-05-26 17:18:28,778 INFO Increased RLIMIT_NOFILE limit to 1024
2016-05-26 17:18:38,906 INFO Increased RLIMIT_NOFILE limit to 1024
2016-05-26 17:18:49,034 INFO Increased RLIMIT_NOFILE limit to 1024
2016-05-26 17:18:59,162 INFO Increased RLIMIT_NOFILE limit to 1024
2016-05-26 17:19:09,322 INFO Increased RLIMIT_NOFILE limit to 1024
2016-05-26 17:19:19,447 INFO Increased RLIMIT_NOFILE limit to 1024
2016-05-26 17:19:29,572 INFO Increased RLIMIT_NOFILE limit to 1024
2016-05-26 17:19:39,698 INFO Increased RLIMIT_NOFILE limit to 1024
2016-05-26 17:19:49,822 INFO Increased RLIMIT_NOFILE limit to 1024
2016-05-26 17:19:59,949 INFO Increased RLIMIT_NOFILE limit to 1024
2016-05-26 17:20:10,079 INFO Increased RLIMIT_NOFILE limit to 1024
2016-05-26 17:20:20,202 INFO Increased RLIMIT_NOFILE limit to 1024
2016-05-26 17:20:30,327 INFO Increased RLIMIT_NOFILE limit to 1024
2016-05-26 17:20:40,452 INFO Increased RLIMIT_NOFILE limit to 1024
2016-05-26 17:20:50,577 INFO Increased RLIMIT_NOFILE limit to 1024
2016-05-26 17:21:00,703 INFO Increased RLIMIT_NOFILE limit to 1024
2016-05-26 17:21:10,824 INFO Increased RLIMIT_NOFILE limit to 1024
2016-05-26 17:21:20,949 INFO Increased RLIMIT_NOFILE limit to 1024
2016-05-26 17:21:31,075 INFO Increased RLIMIT_NOFILE limit to 1024
2016-05-26 17:21:41,205 INFO Increased RLIMIT_NOFILE limit to 1024
2016-05-26 17:21:51,331 INFO Increased RLIMIT_NOFILE limit to 1024
2016-05-26 17:22:01,463 INFO Increased RLIMIT_NOFILE limit to 1024
2016-05-26 17:22:11,592 INFO Increased RLIMIT_NOFILE limit to 1024
2016-05-26 17:22:21,727 INFO Increased RLIMIT_NOFILE limit to 1024
2016-05-26 17:22:31,850 INFO Increased RLIMIT_NOFILE limit to 1024
2016-05-26 17:22:41,971 INFO Increased RLIMIT_NOFILE limit to 1024
2016-05-26 17:22:52,099 INFO Increased RLIMIT_NOFILE limit to 1024
2016-05-26 17:23:02,225 INFO Increased RLIMIT_NOFILE limit to 1024
2016-05-26 17:23:12,353 INFO Increased RLIMIT_NOFILE limit to 1024
2016-05-26 17:23:22,484 INFO Increased RLIMIT_NOFILE limit to 1024
2016-05-26 17:23:32,611 INFO Increased RLIMIT_NOFILE limit to 1024
2016-05-26 17:23:42,736 INFO Increased RLIMIT_NOFILE limit to 1024
2016-05-26 17:23:52,862 INFO Increased RLIMIT_NOFILE limit to 1024
2016-05-26 17:24:02,989 INFO Increased RLIMIT_NOFILE limit to 1024
2016-05-26 17:24:13,114 INFO Increased RLIMIT_NOFILE limit to 1024
2016-05-26 17:24:23,243 INFO Increased RLIMIT_NOFILE limit to 1024
2016-05-26 17:24:33,373 INFO Increased RLIMIT_NOFILE limit to 1024
2016-05-26 17:24:43,500 INFO Increased RLIMIT_NOFILE limit to 1024
2016-05-26 17:24:53,624 INFO Increased RLIMIT_NOFILE limit to 1024
2016-05-26 17:25:03,747 INFO Increased RLIMIT_NOFILE limit to 1024
2016-05-26 17:25:13,872 INFO Increased RLIMIT_NOFILE limit to 1024
2016-05-26 17:25:23,993 INFO Increased RLIMIT_NOFILE limit to 1024
2016-05-26 17:25:34,120 INFO Increased RLIMIT_NOFILE limit to 1024
2016-05-26 17:25:44,260 INFO Increased RLIMIT_NOFILE limit to 1024
2016-05-26 17:25:54,410 INFO Increased RLIMIT_NOFILE limit to 1024
2016-05-26 17:26:04,539 INFO Increased RLIMIT_NOFILE limit to 1024
2016-05-26 17:26:14,671 INFO Increased RLIMIT_NOFILE limit to 1024
2016-05-26 17:26:24,798 INFO Increased RLIMIT_NOFILE limit to 1024
2016-05-26 17:26:34,930 INFO Increased RLIMIT_NOFILE limit to 1024
2016-05-26 17:26:45,054 INFO Increased RLIMIT_NOFILE limit to 1024
2016-05-26 17:26:55,178 INFO Increased RLIMIT_NOFILE limit to 1024
2016-05-26 17:27:05,306 INFO Increased RLIMIT_NOFILE limit to 1024
2016-05-26 17:27:15,436 INFO Increased RLIMIT_NOFILE limit to 1024
2016-05-26 17:27:25,564 INFO Increased RLIMIT_NOFILE limit to 1024
2016-05-26 17:27:35,687 INFO Increased RLIMIT_NOFILE limit to 1024
2016-05-26 17:27:45,815 INFO Increased RLIMIT_NOFILE limit to 1024
2016-05-26 17:27:55,946 INFO Increased RLIMIT_NOFILE limit to 1024
2016-05-26 17:28:06,073 INFO Increased RLIMIT_NOFILE limit to 1024
2016-05-26 17:28:16,205 INFO Increased RLIMIT_NOFILE limit to 1024
2016-05-26 17:28:26,328 INFO Increased RLIMIT_NOFILE limit to 1024
2016-05-26 17:28:36,451 INFO Increased RLIMIT_NOFILE limit to 1024
2016-05-26 17:28:46,578 INFO Increased RLIMIT_NOFILE limit to 1024
2016-05-26 17:28:56,704 INFO Increased RLIMIT_NOFILE limit to 1024
2016-05-26 17:29:06,829 INFO Increased RLIMIT_NOFILE limit to 1024
2016-05-26 17:29:16,955 INFO Increased RLIMIT_NOFILE limit to 1024
2016-05-26 17:29:27,082 INFO Increased RLIMIT_NOFILE limit to 1024
2016-05-26 17:29:37,207 INFO Increased RLIMIT_NOFILE limit to 1024
2016-05-26 17:29:47,329 INFO Increased RLIMIT_NOFILE limit to 1024
2016-05-26 17:29:57,454 INFO Increased RLIMIT_NOFILE limit to 1024
2016-05-26 17:30:07,578 INFO Increased RLIMIT_NOFILE limit to 1024
2016-05-26 17:30:17,705 INFO Increased RLIMIT_NOFILE limit to 1024
2016-05-26 17:30:27,834 INFO Increased RLIMIT_NOFILE limit to 1024
2016-05-26 17:30:37,964 INFO Increased RLIMIT_NOFILE limit to 1024
2016-05-26 17:30:48,103 INFO Increased RLIMIT_NOFILE limit to 1024
2016-05-26 17:30:58,230 INFO Increased RLIMIT_NOFILE limit to 1024
2016-05-26 17:31:08,355 INFO Increased RLIMIT_NOFILE limit to 1024
2016-05-26 17:31:18,482 INFO Increased RLIMIT_NOFILE limit to 1024
2016-05-26 17:31:28,610 INFO Increased RLIMIT_NOFILE limit to 1024
2016-05-26 17:31:38,734 INFO Increased RLIMIT_NOFILE limit to 1024
2016-05-26 17:31:48,860 INFO Increased RLIMIT_NOFILE limit to 1024
2016-05-26 17:31:58,987 INFO Increased RLIMIT_NOFILE limit to 1024
2016-05-26 17:32:09,116 INFO Increased RLIMIT_NOFILE limit to 1024
2016-05-26 17:32:19,243 INFO Increased RLIMIT_NOFILE limit to 1024
2016-05-26 17:32:29,370 INFO Increased RLIMIT_NOFILE limit to 1024
2016-05-26 17:32:39,501 INFO Increased RLIMIT_NOFILE limit to 1024
2016-05-26 17:32:49,632 INFO Increased RLIMIT_NOFILE limit to 1024
2016-05-26 17:32:59,762 INFO Increased RLIMIT_NOFILE limit to 1024
2016-05-26 17:33:09,885 INFO Increased RLIMIT_NOFILE limit to 1024
2016-05-26 17:33:20,018 INFO Increased RLIMIT_NOFILE limit to 1024
2016-05-26 17:33:30,143 INFO Increased RLIMIT_NOFILE limit to 1024
2016-05-26 17:33:40,270 INFO Increased RLIMIT_NOFILE limit to 1024
2016-05-26 17:33:50,395 INFO Increased RLIMIT_NOFILE limit to 1024
2016-05-26 17:34:00,524 INFO Increased RLIMIT_NOFILE limit to 1024
2016-05-26 17:34:10,651 INFO Increased RLIMIT_NOFILE limit to 1024
2016-05-26 17:34:20,773 INFO Increased RLIMIT_NOFILE limit to 1024
2016-05-26 17:34:30,901 INFO Increased RLIMIT_NOFILE limit to 1024
2016-05-26 17:34:41,028 INFO Increased RLIMIT_NOFILE limit to 1024
2016-05-26 17:34:51,153 INFO Increased RLIMIT_NOFILE limit to 1024
2016-05-26 17:35:01,282 INFO Increased RLIMIT_NOFILE limit to 1024
2016-05-26 17:35:11,407 INFO Increased RLIMIT_NOFILE limit to 1024
2016-05-26 17:35:21,530 INFO Increased RLIMIT_NOFILE limit to 1024
2016-05-26 17:35:31,658 INFO Increased RLIMIT_NOFILE limit to 1024
2016-05-26 17:35:41,782 INFO Increased RLIMIT_NOFILE limit to 1024
2016-05-26 17:35:51,909 INFO Increased RLIMIT_NOFILE limit to 1024
2016-05-26 17:36:02,039 INFO Increased RLIMIT_NOFILE limit to 1024
2016-05-26 17:36:12,172 INFO Increased RLIMIT_NOFILE limit to 1024
2016-05-26 17:36:22,301 INFO Increased RLIMIT_NOFILE limit to 1024
2016-05-26 17:36:32,440 INFO Increased RLIMIT_NOFILE limit to 1024
2016-05-26 17:36:42,575 INFO Increased RLIMIT_NOFILE limit to 1024
2016-05-26 17:36:52,702 INFO Increased RLIMIT_NOFILE limit to 1024
2016-05-26 17:37:02,829 INFO Increased RLIMIT_NOFILE limit to 1024
2016-05-26 17:37:12,955 INFO Increased RLIMIT_NOFILE limit to 1024
2016-05-26 17:37:23,079 INFO Increased RLIMIT_NOFILE limit to 1024
2016-05-26 17:37:33,204 INFO Increased RLIMIT_NOFILE limit to 1024
2016-05-26 17:37:43,329 INFO Increased RLIMIT_NOFILE limit to 1024
2016-05-26 17:37:53,458 INFO Increased RLIMIT_NOFILE limit to 1024
2016-05-26 17:38:03,587 INFO Increased RLIMIT_NOFILE limit to 1024
2016-05-26 17:38:13,747 INFO Increased RLIMIT_NOFILE limit to 1024
2016-05-26 17:38:23,871 INFO Increased RLIMIT_NOFILE limit to 1024
2016-05-26 17:38:33,993 INFO Increased RLIMIT_NOFILE limit to 1024
2016-05-26 17:38:44,119 INFO Increased RLIMIT_NOFILE limit to 1024
2016-05-26 17:38:54,242 INFO Increased RLIMIT_NOFILE limit to 1024
2016-05-26 17:39:04,370 INFO Increased RLIMIT_NOFILE limit to 1024
2016-05-26 17:39:14,493 INFO Increased RLIMIT_NOFILE limit to 1024
2016-05-26 17:39:24,616 INFO Increased RLIMIT_NOFILE limit to 1024
2016-05-26 17:39:34,744 INFO Increased RLIMIT_NOFILE limit to 1024
2016-05-26 17:39:44,883 INFO Increased RLIMIT_NOFILE limit to 1024
2016-05-26 17:39:55,007 INFO Increased RLIMIT_NOFILE limit to 1024
2016-05-26 17:40:05,137 INFO Increased RLIMIT_NOFILE limit to 1024
2016-05-26 17:40:15,264 INFO Increased RLIMIT_NOFILE limit to 1024
2016-05-26 17:40:25,395 INFO Increased RLIMIT_NOFILE limit to 1024
2016-05-26 17:40:35,518 INFO Increased RLIMIT_NOFILE limit to 1024
2016-05-26 17:40:45,641 INFO Increased RLIMIT_NOFILE limit to 1024
2016-05-26 17:40:55,768 INFO Increased RLIMIT_NOFILE limit to 1024
2016-05-26 17:41:05,894 INFO Increased RLIMIT_NOFILE limit to 1024
2016-05-26 17:41:16,019 INFO Increased RLIMIT_NOFILE limit to 1024
2016-05-26 17:41:26,142 INFO Increased RLIMIT_NOFILE limit to 1024
2016-05-26 17:41:36,266 INFO Increased RLIMIT_NOFILE limit to 1024
2016-05-26 17:41:46,391 INFO Increased RLIMIT_NOFILE limit to 1024
2016-05-26 17:41:56,519 INFO Increased RLIMIT_NOFILE limit to 1024
2016-05-26 17:42:06,642 INFO Increased RLIMIT_NOFILE limit to 1024
2016-05-26 17:42:16,779 INFO Increased RLIMIT_NOFILE limit to 1024
2016-05-26 17:42:26,904 INFO Increased RLIMIT_NOFILE limit to 1024
2016-05-26 17:42:37,039 INFO Increased RLIMIT_NOFILE limit to 1024
2016-05-26 17:42:47,165 INFO Increased RLIMIT_NOFILE limit to 1024
2016-05-26 17:42:57,294 INFO Increased RLIMIT_NOFILE limit to 1024
2016-05-26 17:43:07,418 INFO Increased RLIMIT_NOFILE limit to 1024
2016-05-26 17:43:16,556 INFO exited: shadowsocks (terminated by SIGKILL; not expected)
2016-05-26 17:43:17,540 INFO Increased RLIMIT_NOFILE limit to 1024
2016-05-26 17:43:17,559 INFO spawned: 'shadowsocks' with pid 2888
2016-05-26 17:43:18,819 INFO success: shadowsocks entered RUNNING state, process has stayed up for > than 1 seconds (startsecs)
2016-05-26 17:43:27,675 INFO Increased RLIMIT_NOFILE limit to 1024
2016-05-26 17:43:37,801 INFO Increased RLIMIT_NOFILE limit to 1024
2016-05-26 17:43:47,929 INFO Increased RLIMIT_NOFILE limit to 1024
2016-05-26 17:43:58,053 INFO Increased RLIMIT_NOFILE limit to 1024
2016-05-26 17:44:08,174 INFO Increased RLIMIT_NOFILE limit to 1024
2016-05-26 17:44:18,301 INFO Increased RLIMIT_NOFILE limit to 1024
2016-05-26 17:44:28,424 INFO Increased RLIMIT_NOFILE limit to 1024
2016-05-26 17:44:38,547 INFO Increased RLIMIT_NOFILE limit to 1024
2016-05-26 17:44:48,669 INFO Increased RLIMIT_NOFILE limit to 1024
2016-05-26 17:44:58,796 INFO Increased RLIMIT_NOFILE limit to 1024
2016-05-26 17:45:08,922 INFO Increased RLIMIT_NOFILE limit to 1024
2016-05-26 17:45:19,045 INFO Increased RLIMIT_NOFILE limit to 1024
2016-05-26 17:45:29,165 INFO Increased RLIMIT_NOFILE limit to 1024
2016-05-26 17:45:39,291 INFO Increased RLIMIT_NOFILE limit to 1024
2016-05-26 17:45:49,420 INFO Increased RLIMIT_NOFILE limit to 1024
2016-05-26 17:45:59,547 INFO Increased RLIMIT_NOFILE limit to 1024
2016-05-26 17:46:09,674 INFO Increased RLIMIT_NOFILE limit to 1024
2016-05-26 17:46:19,797 INFO Increased RLIMIT_NOFILE limit to 1024
2016-05-26 17:46:29,920 INFO Increased RLIMIT_NOFILE limit to 1024
2016-05-26 17:46:40,045 INFO Increased RLIMIT_NOFILE limit to 1024
2016-05-26 17:46:50,173 INFO Increased RLIMIT_NOFILE limit to 1024
2016-05-26 17:47:00,296 INFO Increased RLIMIT_NOFILE limit to 1024
2016-05-26 17:47:10,420 INFO Increased RLIMIT_NOFILE limit to 1024
2016-05-26 17:47:20,545 INFO Increased RLIMIT_NOFILE limit to 1024
2016-05-26 17:47:30,668 INFO Increased RLIMIT_NOFILE limit to 1024
2016-05-26 17:47:40,792 INFO Increased RLIMIT_NOFILE limit to 1024
2016-05-26 17:47:50,915 INFO Increased RLIMIT_NOFILE limit to 1024
2016-05-26 17:48:01,041 INFO Increased RLIMIT_NOFILE limit to 1024
2016-05-26 17:48:11,166 INFO Increased RLIMIT_NOFILE limit to 1024
2016-05-26 17:48:21,317 INFO Increased RLIMIT_NOFILE limit to 1024
2016-05-26 17:48:31,445 INFO Increased RLIMIT_NOFILE limit to 1024
2016-05-26 17:48:41,569 INFO Increased RLIMIT_NOFILE limit to 1024
2016-05-26 17:48:51,697 INFO Increased RLIMIT_NOFILE limit to 1024
2016-05-26 17:49:01,826 INFO Increased RLIMIT_NOFILE limit to 1024
2016-05-26 17:49:11,995 INFO Increased RLIMIT_NOFILE limit to 1024
2016-05-26 17:49:22,119 INFO Increased RLIMIT_NOFILE limit to 1024
2016-05-26 17:49:32,254 INFO Increased RLIMIT_NOFILE limit to 1024
2016-05-26 17:49:42,380 INFO Increased RLIMIT_NOFILE limit to 1024
2016-05-26 17:49:52,508 INFO Increased RLIMIT_NOFILE limit to 1024
2016-05-26 17:50:02,635 INFO Increased RLIMIT_NOFILE limit to 1024
2016-05-26 17:50:12,820 INFO Increased RLIMIT_NOFILE limit to 1024
2016-05-26 17:50:22,954 INFO Increased RLIMIT_NOFILE limit to 1024
2016-05-26 17:50:33,086 INFO Increased RLIMIT_NOFILE limit to 1024
2016-05-26 17:50:43,219 INFO Increased RLIMIT_NOFILE limit to 1024
2016-05-26 17:50:53,347 INFO Increased RLIMIT_NOFILE limit to 1024
2016-05-26 17:51:03,491 INFO Increased RLIMIT_NOFILE limit to 1024
2016-05-26 17:51:13,622 INFO Increased RLIMIT_NOFILE limit to 1024
2016-05-26 17:51:23,749 INFO Increased RLIMIT_NOFILE limit to 1024
2016-05-26 17:51:33,885 INFO Increased RLIMIT_NOFILE limit to 1024
2016-05-26 17:51:44,013 INFO Increased RLIMIT_NOFILE limit to 1024
2016-05-26 17:51:54,146 INFO Increased RLIMIT_NOFILE limit to 1024
2016-05-26 17:52:04,272 INFO Increased RLIMIT_NOFILE limit to 1024
2016-05-26 17:52:14,506 INFO Increased RLIMIT_NOFILE limit to 1024
2016-05-26 17:52:24,637 INFO Increased RLIMIT_NOFILE limit to 1024
2016-05-26 17:52:34,762 INFO Increased RLIMIT_NOFILE limit to 1024
2016-05-26 17:52:44,887 INFO Increased RLIMIT_NOFILE limit to 1024
2016-05-26 17:52:55,011 INFO Increased RLIMIT_NOFILE limit to 1024
2016-05-26 17:53:05,143 INFO Increased RLIMIT_NOFILE limit to 1024
2016-05-26 17:53:15,271 INFO Increased RLIMIT_NOFILE limit to 1024
2016-05-26 17:53:25,394 INFO Increased RLIMIT_NOFILE limit to 1024
2016-05-26 17:53:35,528 INFO Increased RLIMIT_NOFILE limit to 1024
2016-05-26 17:53:45,690 INFO Increased RLIMIT_NOFILE limit to 1024
2016-05-26 17:53:55,827 INFO Increased RLIMIT_NOFILE limit to 1024
2016-05-26 17:54:05,956 INFO Increased RLIMIT_NOFILE limit to 1024
2016-05-26 17:54:16,086 INFO Increased RLIMIT_NOFILE limit to 1024
2016-05-26 17:54:26,217 INFO Increased RLIMIT_NOFILE limit to 1024
2016-05-26 17:54:36,353 INFO Increased RLIMIT_NOFILE limit to 1024
2016-05-26 17:54:46,477 INFO Increased RLIMIT_NOFILE limit to 1024
2016-05-26 17:54:56,611 INFO Increased RLIMIT_NOFILE limit to 1024
2016-05-26 17:55:06,737 INFO Increased RLIMIT_NOFILE limit to 1024
2016-05-26 17:55:16,878 INFO Increased RLIMIT_NOFILE limit to 1024
2016-05-26 17:55:27,009 INFO Increased RLIMIT_NOFILE limit to 1024
2016-05-26 17:55:37,140 INFO Increased RLIMIT_NOFILE limit to 1024
2016-05-26 17:55:47,295 INFO Increased RLIMIT_NOFILE limit to 1024
2016-05-26 17:55:57,445 INFO Increased RLIMIT_NOFILE limit to 1024
2016-05-26 17:56:07,583 INFO Increased RLIMIT_NOFILE limit to 1024
2016-05-26 17:56:17,716 INFO Increased RLIMIT_NOFILE limit to 1024
2016-05-26 17:56:27,857 INFO Increased RLIMIT_NOFILE limit to 1024
2016-05-26 17:56:37,986 INFO Increased RLIMIT_NOFILE limit to 1024
2016-05-26 17:56:48,113 INFO Increased RLIMIT_NOFILE limit to 1024
2016-05-26 17:56:58,251 INFO Increased RLIMIT_NOFILE limit to 1024
2016-05-26 17:57:08,381 INFO Increased RLIMIT_NOFILE limit to 1024
2016-05-26 17:57:18,506 INFO Increased RLIMIT_NOFILE limit to 1024
2016-05-26 17:57:28,636 INFO Increased RLIMIT_NOFILE limit to 1024
2016-05-26 17:57:38,783 INFO Increased RLIMIT_NOFILE limit to 1024
2016-05-26 17:57:48,915 INFO Increased RLIMIT_NOFILE limit to 1024
2016-05-26 17:57:59,045 INFO Increased RLIMIT_NOFILE limit to 1024
2016-05-26 17:58:09,170 INFO Increased RLIMIT_NOFILE limit to 1024
2016-05-26 17:58:19,301 INFO Increased RLIMIT_NOFILE limit to 1024
2016-05-26 17:58:29,427 INFO Increased RLIMIT_NOFILE limit to 1024
2016-05-26 17:58:39,560 INFO Increased RLIMIT_NOFILE limit to 1024
2016-05-26 17:58:49,782 INFO Increased RLIMIT_NOFILE limit to 1024
2016-05-26 17:58:59,915 INFO Increased RLIMIT_NOFILE limit to 1024
2016-05-26 17:59:10,040 INFO Increased RLIMIT_NOFILE limit to 1024
2016-05-26 17:59:20,172 INFO Increased RLIMIT_NOFILE limit to 1024
2016-05-26 17:59:30,301 INFO Increased RLIMIT_NOFILE limit to 1024
2016-05-26 17:59:40,427 INFO Increased RLIMIT_NOFILE limit to 1024
2016-05-26 17:59:50,560 INFO Increased RLIMIT_NOFILE limit to 1024
2016-05-26 18:00:00,693 INFO Increased RLIMIT_NOFILE limit to 1024
2016-05-26 18:00:10,822 INFO Increased RLIMIT_NOFILE limit to 1024
2016-05-26 18:00:20,965 INFO Increased RLIMIT_NOFILE limit to 1024
2016-05-26 18:00:31,091 INFO Increased RLIMIT_NOFILE limit to 1024
2016-05-26 18:00:41,218 INFO Increased RLIMIT_NOFILE limit to 1024
2016-05-26 18:00:51,343 INFO Increased RLIMIT_NOFILE limit to 1024
2016-05-26 18:01:01,470 INFO Increased RLIMIT_NOFILE limit to 1024
2016-05-26 18:01:11,595 INFO Increased RLIMIT_NOFILE limit to 1024
2016-05-26 18:01:21,736 INFO Increased RLIMIT_NOFILE limit to 1024
2016-05-26 18:01:31,867 INFO Increased RLIMIT_NOFILE limit to 1024
2016-05-26 18:01:41,996 INFO Increased RLIMIT_NOFILE limit to 1024
2016-05-26 18:01:52,149 INFO Increased RLIMIT_NOFILE limit to 1024
2016-05-26 18:02:02,276 INFO Increased RLIMIT_NOFILE limit to 1024
2016-05-26 18:02:12,409 INFO Increased RLIMIT_NOFILE limit to 1024
2016-05-26 18:02:22,535 INFO Increased RLIMIT_NOFILE limit to 1024
2016-05-26 18:02:32,662 INFO Increased RLIMIT_NOFILE limit to 1024
2016-05-26 18:02:42,796 INFO Increased RLIMIT_NOFILE limit to 1024
2016-05-26 18:02:52,926 INFO Increased RLIMIT_NOFILE limit to 1024
2016-05-26 18:03:03,056 INFO Increased RLIMIT_NOFILE limit to 1024
2016-05-26 18:03:13,192 INFO Increased RLIMIT_NOFILE limit to 1024
2016-05-26 18:03:23,323 INFO Increased RLIMIT_NOFILE limit to 1024
2016-05-26 18:03:33,460 INFO Increased RLIMIT_NOFILE limit to 1024
2016-05-26 18:03:43,583 INFO Increased RLIMIT_NOFILE limit to 1024
2016-05-26 18:03:53,713 INFO Increased RLIMIT_NOFILE limit to 1024
2016-05-26 18:04:03,844 INFO Increased RLIMIT_NOFILE limit to 1024
2016-05-26 18:04:13,968 INFO Increased RLIMIT_NOFILE limit to 1024
2016-05-26 18:04:24,095 INFO Increased RLIMIT_NOFILE limit to 1024
2016-05-26 18:04:34,221 INFO Increased RLIMIT_NOFILE limit to 1024
2016-05-26 18:04:44,502 INFO Increased RLIMIT_NOFILE limit to 1024
2016-05-26 18:04:54,631 INFO Increased RLIMIT_NOFILE limit to 1024
2016-05-26 18:05:04,757 INFO Increased RLIMIT_NOFILE limit to 1024
2016-05-26 18:05:14,881 INFO Increased RLIMIT_NOFILE limit to 1024
2016-05-26 18:05:25,010 INFO Increased RLIMIT_NOFILE limit to 1024
2016-05-26 18:05:35,141 INFO Increased RLIMIT_NOFILE limit to 1024
2016-05-26 18:05:45,271 INFO Increased RLIMIT_NOFILE limit to 1024
2016-05-26 18:05:55,399 INFO Increased RLIMIT_NOFILE limit to 1024
2016-05-26 18:06:05,533 INFO Increased RLIMIT_NOFILE limit to 1024
2016-05-26 18:06:15,719 INFO Increased RLIMIT_NOFILE limit to 1024
2016-05-26 18:06:25,845 INFO Increased RLIMIT_NOFILE limit to 1024
2016-05-26 18:06:35,975 INFO Increased RLIMIT_NOFILE limit to 1024
2016-05-26 18:06:46,110 INFO Increased RLIMIT_NOFILE limit to 1024
2016-05-26 18:06:56,236 INFO Increased RLIMIT_NOFILE limit to 1024
2016-05-26 18:07:06,371 INFO Increased RLIMIT_NOFILE limit to 1024
2016-05-26 18:07:16,499 INFO Increased RLIMIT_NOFILE limit to 1024
2016-05-26 18:07:26,624 INFO Increased RLIMIT_NOFILE limit to 1024
2016-05-26 18:07:36,752 INFO Increased RLIMIT_NOFILE limit to 1024
2016-05-26 18:07:46,876 INFO Increased RLIMIT_NOFILE limit to 1024
2016-05-26 18:07:57,012 INFO Increased RLIMIT_NOFILE limit to 1024
2016-05-26 18:08:07,141 INFO Increased RLIMIT_NOFILE limit to 1024
2016-05-26 18:08:17,266 INFO Increased RLIMIT_NOFILE limit to 1024
2016-05-26 18:08:27,393 INFO Increased RLIMIT_NOFILE limit to 1024
2016-05-26 18:08:37,521 INFO Increased RLIMIT_NOFILE limit to 1024
2016-05-26 18:08:47,649 INFO Increased RLIMIT_NOFILE limit to 1024
2016-05-26 18:08:57,775 INFO Increased RLIMIT_NOFILE limit to 1024
2016-05-26 18:09:07,905 INFO Increased RLIMIT_NOFILE limit to 1024
2016-05-26 18:09:18,032 INFO Increased RLIMIT_NOFILE limit to 1024
2016-05-26 18:09:28,156 INFO Increased RLIMIT_NOFILE limit to 1024
2016-05-26 18:09:38,338 INFO Increased RLIMIT_NOFILE limit to 1024
2016-05-26 18:09:48,471 INFO Increased RLIMIT_NOFILE limit to 1024
2016-05-26 18:09:58,605 INFO Increased RLIMIT_NOFILE limit to 1024
2016-05-26 18:10:08,731 INFO Increased RLIMIT_NOFILE limit to 1024
2016-05-26 18:10:18,867 INFO Increased RLIMIT_NOFILE limit to 1024
2016-05-26 18:10:28,994 INFO Increased RLIMIT_NOFILE limit to 1024
2016-05-26 18:10:39,126 INFO Increased RLIMIT_NOFILE limit to 1024
2016-05-26 18:10:49,254 INFO Increased RLIMIT_NOFILE limit to 1024
2016-05-26 18:10:59,391 INFO Increased RLIMIT_NOFILE limit to 1024
2016-05-26 18:11:09,524 INFO Increased RLIMIT_NOFILE limit to 1024
2016-05-26 18:11:19,656 INFO Increased RLIMIT_NOFILE limit to 1024
2016-05-26 18:11:29,785 INFO Increased RLIMIT_NOFILE limit to 1024
2016-05-26 18:11:39,944 INFO Increased RLIMIT_NOFILE limit to 1024
2016-05-26 18:11:50,075 INFO Increased RLIMIT_NOFILE limit to 1024
2016-05-26 18:12:00,206 INFO Increased RLIMIT_NOFILE limit to 1024
2016-05-26 18:12:10,332 INFO Increased RLIMIT_NOFILE limit to 1024
2016-05-26 18:12:20,458 INFO Increased RLIMIT_NOFILE limit to 1024
2016-05-26 18:12:30,586 INFO Increased RLIMIT_NOFILE limit to 1024
2016-05-26 18:12:40,713 INFO Increased RLIMIT_NOFILE limit to 1024
2016-05-26 18:12:50,841 INFO Increased RLIMIT_NOFILE limit to 1024
2016-05-26 18:13:00,967 INFO Increased RLIMIT_NOFILE limit to 1024
2016-05-26 18:13:11,096 INFO Increased RLIMIT_NOFILE limit to 1024
2016-05-26 18:13:21,231 INFO Increased RLIMIT_NOFILE limit to 1024
2016-05-26 18:13:31,363 INFO Increased RLIMIT_NOFILE limit to 1024
2016-05-26 18:13:41,492 INFO Increased RLIMIT_NOFILE limit to 1024
2016-05-26 18:13:51,620 INFO Increased RLIMIT_NOFILE limit to 1024
2016-05-26 18:14:01,745 INFO Increased RLIMIT_NOFILE limit to 1024
2016-05-26 18:14:11,877 INFO Increased RLIMIT_NOFILE limit to 1024
2016-05-26 18:14:22,005 INFO Increased RLIMIT_NOFILE limit to 1024
2016-05-26 18:14:32,139 INFO Increased RLIMIT_NOFILE limit to 1024
2016-05-26 18:14:42,271 INFO Increased RLIMIT_NOFILE limit to 1024
2016-05-26 18:14:52,397 INFO Increased RLIMIT_NOFILE limit to 1024
2016-05-26 18:15:02,523 INFO Increased RLIMIT_NOFILE limit to 1024
2016-05-26 18:15:12,652 INFO Increased RLIMIT_NOFILE limit to 1024
2016-05-26 18:15:22,781 INFO Increased RLIMIT_NOFILE limit to 1024
2016-05-26 18:15:32,909 INFO Increased RLIMIT_NOFILE limit to 1024
2016-05-26 18:15:43,039 INFO Increased RLIMIT_NOFILE limit to 1024
2016-05-26 18:15:53,170 INFO Increased RLIMIT_NOFILE limit to 1024
2016-05-26 18:16:03,300 INFO Increased RLIMIT_NOFILE limit to 1024
2016-05-26 18:16:13,499 INFO Increased RLIMIT_NOFILE limit to 1024
2016-05-26 18:16:23,629 INFO Increased RLIMIT_NOFILE limit to 1024
2016-05-26 18:16:33,762 INFO Increased RLIMIT_NOFILE limit to 1024
2016-05-26 18:16:43,898 INFO Increased RLIMIT_NOFILE limit to 1024
2016-05-26 18:16:54,030 INFO Increased RLIMIT_NOFILE limit to 1024
2016-05-26 18:17:04,162 INFO Increased RLIMIT_NOFILE limit to 1024
2016-05-26 18:17:14,289 INFO Increased RLIMIT_NOFILE limit to 1024
2016-05-26 18:17:24,417 INFO Increased RLIMIT_NOFILE limit to 1024
2016-05-26 18:17:34,546 INFO Increased RLIMIT_NOFILE limit to 1024
2016-05-26 18:17:44,672 INFO Increased RLIMIT_NOFILE limit to 1024
2016-05-26 18:17:54,802 INFO Increased RLIMIT_NOFILE limit to 1024
2016-05-26 18:18:04,932 INFO Increased RLIMIT_NOFILE limit to 1024
2016-05-26 18:18:15,061 INFO Increased RLIMIT_NOFILE limit to 1024
2016-05-26 18:18:25,188 INFO Increased RLIMIT_NOFILE limit to 1024
2016-05-26 18:18:35,315 INFO Increased RLIMIT_NOFILE limit to 1024
2016-05-26 18:18:45,441 INFO Increased RLIMIT_NOFILE limit to 1024
2016-05-26 18:18:55,573 INFO Increased RLIMIT_NOFILE limit to 1024
2016-05-26 18:19:05,702 INFO Increased RLIMIT_NOFILE limit to 1024
2016-05-26 18:19:15,829 INFO Increased RLIMIT_NOFILE limit to 1024
2016-05-26 18:19:25,960 INFO Increased RLIMIT_NOFILE limit to 1024
2016-05-26 18:19:36,089 INFO Increased RLIMIT_NOFILE limit to 1024
2016-05-26 18:19:46,223 INFO Increased RLIMIT_NOFILE limit to 1024
2016-05-26 18:19:56,356 INFO Increased RLIMIT_NOFILE limit to 1024
2016-05-26 18:20:06,488 INFO Increased RLIMIT_NOFILE limit to 1024
2016-05-26 18:20:16,622 INFO Increased RLIMIT_NOFILE limit to 1024
2016-05-26 18:20:26,766 INFO Increased RLIMIT_NOFILE limit to 1024
2016-05-26 18:20:36,899 INFO Increased RLIMIT_NOFILE limit to 1024
2016-05-26 18:20:47,028 INFO Increased RLIMIT_NOFILE limit to 1024
2016-05-26 18:20:57,161 INFO Increased RLIMIT_NOFILE limit to 1024
2016-05-26 18:21:07,290 INFO Increased RLIMIT_NOFILE limit to 1024
2016-05-26 18:21:17,418 INFO Increased RLIMIT_NOFILE limit to 1024
2016-05-26 18:21:27,572 INFO Increased RLIMIT_NOFILE limit to 1024
2016-05-26 18:21:37,706 INFO Increased RLIMIT_NOFILE limit to 1024
2016-05-26 18:21:47,837 INFO Increased RLIMIT_NOFILE limit to 1024
2016-05-26 18:21:57,969 INFO Increased RLIMIT_NOFILE limit to 1024
2016-05-26 18:22:08,101 INFO Increased RLIMIT_NOFILE limit to 1024
2016-05-26 18:22:18,229 INFO Increased RLIMIT_NOFILE limit to 1024
2016-05-26 18:22:28,374 INFO Increased RLIMIT_NOFILE limit to 1024
2016-05-26 18:22:38,507 INFO Increased RLIMIT_NOFILE limit to 1024
2016-05-26 18:22:48,642 INFO Increased RLIMIT_NOFILE limit to 1024
2016-05-26 18:22:58,776 INFO Increased RLIMIT_NOFILE limit to 1024
2016-05-26 18:23:08,903 INFO Increased RLIMIT_NOFILE limit to 1024
2016-05-26 18:23:19,028 INFO Increased RLIMIT_NOFILE limit to 1024
2016-05-26 18:23:29,154 INFO Increased RLIMIT_NOFILE limit to 1024
2016-05-26 18:23:39,280 INFO Increased RLIMIT_NOFILE limit to 1024
2016-05-26 18:23:49,462 INFO Increased RLIMIT_NOFILE limit to 1024
2016-05-26 18:23:59,592 INFO Increased RLIMIT_NOFILE limit to 1024
2016-05-26 18:24:09,722 INFO Increased RLIMIT_NOFILE limit to 1024
2016-05-26 18:24:19,851 INFO Increased RLIMIT_NOFILE limit to 1024
2016-05-26 18:24:29,983 INFO Increased RLIMIT_NOFILE limit to 1024
2016-05-26 18:24:40,116 INFO Increased RLIMIT_NOFILE limit to 1024
2016-05-26 18:24:50,240 INFO Increased RLIMIT_NOFILE limit to 1024
2016-05-26 18:25:00,375 INFO Increased RLIMIT_NOFILE limit to 1024
2016-05-26 18:25:10,502 INFO Increased RLIMIT_NOFILE limit to 1024
2016-05-26 18:25:20,633 INFO Increased RLIMIT_NOFILE limit to 1024
2016-05-26 18:25:30,768 INFO Increased RLIMIT_NOFILE limit to 1024
2016-05-26 18:25:40,898 INFO Increased RLIMIT_NOFILE limit to 1024
2016-05-26 18:25:51,024 INFO Increased RLIMIT_NOFILE limit to 1024
2016-05-26 18:26:01,149 INFO Increased RLIMIT_NOFILE limit to 1024
2016-05-26 18:26:11,280 INFO Increased RLIMIT_NOFILE limit to 1024
2016-05-26 18:26:21,408 INFO Increased RLIMIT_NOFILE limit to 1024
2016-05-26 18:26:31,540 INFO Increased RLIMIT_NOFILE limit to 1024
2016-05-26 18:26:41,678 INFO Increased RLIMIT_NOFILE limit to 1024
2016-05-26 18:26:51,811 INFO Increased RLIMIT_NOFILE limit to 1024
2016-05-26 18:27:01,943 INFO Increased RLIMIT_NOFILE limit to 1024
2016-05-26 18:27:12,071 INFO Increased RLIMIT_NOFILE limit to 1024
2016-05-26 18:27:22,199 INFO Increased RLIMIT_NOFILE limit to 1024
2016-05-26 18:27:32,325 INFO Increased RLIMIT_NOFILE limit to 1024
2016-05-26 18:27:42,458 INFO Increased RLIMIT_NOFILE limit to 1024
2016-05-26 18:27:52,592 INFO Increased RLIMIT_NOFILE limit to 1024
2016-05-26 18:28:02,721 INFO Increased RLIMIT_NOFILE limit to 1024
2016-05-26 18:28:12,850 INFO Increased RLIMIT_NOFILE limit to 1024
2016-05-26 18:28:22,974 INFO Increased RLIMIT_NOFILE limit to 1024
2016-05-26 18:28:33,102 INFO Increased RLIMIT_NOFILE limit to 1024
2016-05-26 18:28:43,226 INFO Increased RLIMIT_NOFILE limit to 1024
2016-05-26 18:28:53,351 INFO Increased RLIMIT_NOFILE limit to 1024
2016-05-26 18:29:03,477 INFO Increased RLIMIT_NOFILE limit to 1024
2016-05-26 18:29:13,604 INFO Increased RLIMIT_NOFILE limit to 1024
2016-05-26 18:29:23,732 INFO Increased RLIMIT_NOFILE limit to 1024
2016-05-26 18:29:33,858 INFO Increased RLIMIT_NOFILE limit to 1024
2016-05-26 18:29:43,992 INFO Increased RLIMIT_NOFILE limit to 1024
2016-05-26 18:29:54,116 INFO Increased RLIMIT_NOFILE limit to 1024
2016-05-26 18:30:04,243 INFO Increased RLIMIT_NOFILE limit to 1024
2016-05-26 18:30:14,376 INFO Increased RLIMIT_NOFILE limit to 1024
2016-05-26 18:30:24,503 INFO Increased RLIMIT_NOFILE limit to 1024
2016-05-26 18:30:34,628 INFO Increased RLIMIT_NOFILE limit to 1024
2016-05-26 18:30:44,753 INFO Increased RLIMIT_NOFILE limit to 1024
2016-05-26 18:30:54,880 INFO Increased RLIMIT_NOFILE limit to 1024
2016-05-26 18:31:05,011 INFO Increased RLIMIT_NOFILE limit to 1024
2016-05-26 18:31:15,138 INFO Increased RLIMIT_NOFILE limit to 1024
2016-05-26 18:31:25,265 INFO Increased RLIMIT_NOFILE limit to 1024
2016-05-26 18:31:35,389 INFO Increased RLIMIT_NOFILE limit to 1024
2016-05-26 18:31:45,524 INFO Increased RLIMIT_NOFILE limit to 1024
2016-05-26 18:31:55,650 INFO Increased RLIMIT_NOFILE limit to 1024
2016-05-26 18:32:05,774 INFO Increased RLIMIT_NOFILE limit to 1024
2016-05-26 18:32:15,897 INFO Increased RLIMIT_NOFILE limit to 1024
2016-05-26 18:32:26,024 INFO Increased RLIMIT_NOFILE limit to 1024
2016-05-26 18:32:36,149 INFO Increased RLIMIT_NOFILE limit to 1024
2016-05-26 18:32:46,276 INFO Increased RLIMIT_NOFILE limit to 1024
2016-05-26 18:32:56,398 INFO Increased RLIMIT_NOFILE limit to 1024
2016-05-26 18:33:06,525 INFO Increased RLIMIT_NOFILE limit to 1024
2016-05-26 18:33:16,651 INFO Increased RLIMIT_NOFILE limit to 1024
2016-05-26 18:33:26,775 INFO Increased RLIMIT_NOFILE limit to 1024
2016-05-26 18:33:36,901 INFO Increased RLIMIT_NOFILE limit to 1024
2016-05-26 18:33:47,027 INFO Increased RLIMIT_NOFILE limit to 1024
2016-05-26 18:33:57,160 INFO Increased RLIMIT_NOFILE limit to 1024
2016-05-26 18:34:07,293 INFO Increased RLIMIT_NOFILE limit to 1024
2016-05-26 18:34:17,419 INFO Increased RLIMIT_NOFILE limit to 1024
2016-05-26 18:34:27,549 INFO Increased RLIMIT_NOFILE limit to 1024
2016-05-26 18:34:37,683 INFO Increased RLIMIT_NOFILE limit to 1024
2016-05-26 18:34:47,815 INFO Increased RLIMIT_NOFILE limit to 1024
2016-05-26 18:34:57,946 INFO Increased RLIMIT_NOFILE limit to 1024
2016-05-26 18:35:08,072 INFO Increased RLIMIT_NOFILE limit to 1024
2016-05-26 18:35:18,198 INFO Increased RLIMIT_NOFILE limit to 1024
2016-05-26 18:35:28,328 INFO Increased RLIMIT_NOFILE limit to 1024
2016-05-26 18:35:38,459 INFO Increased RLIMIT_NOFILE limit to 1024
2016-05-26 18:35:48,583 INFO Increased RLIMIT_NOFILE limit to 1024
2016-05-26 18:35:58,713 INFO Increased RLIMIT_NOFILE limit to 1024
2016-05-26 18:36:08,842 INFO Increased RLIMIT_NOFILE limit to 1024
2016-05-26 18:36:18,968 INFO Increased RLIMIT_NOFILE limit to 1024
2016-05-26 18:36:29,093 INFO Increased RLIMIT_NOFILE limit to 1024
2016-05-26 18:36:39,221 INFO Increased RLIMIT_NOFILE limit to 1024
2016-05-26 18:36:49,349 INFO Increased RLIMIT_NOFILE limit to 1024
2016-05-26 18:36:59,475 INFO Increased RLIMIT_NOFILE limit to 1024
2016-05-26 18:37:09,599 INFO Increased RLIMIT_NOFILE limit to 1024
2016-05-26 18:37:19,728 INFO Increased RLIMIT_NOFILE limit to 1024
2016-05-26 18:37:29,855 INFO Increased RLIMIT_NOFILE limit to 1024
2016-05-26 18:37:39,981 INFO Increased RLIMIT_NOFILE limit to 1024
2016-05-26 18:37:50,107 INFO Increased RLIMIT_NOFILE limit to 1024
2016-05-26 18:38:00,234 INFO Increased RLIMIT_NOFILE limit to 1024
2016-05-26 18:38:10,362 INFO Increased RLIMIT_NOFILE limit to 1024
2016-05-26 18:38:20,487 INFO Increased RLIMIT_NOFILE limit to 1024
2016-05-26 18:38:30,616 INFO Increased RLIMIT_NOFILE limit to 1024
2016-05-26 18:38:40,743 INFO Increased RLIMIT_NOFILE limit to 1024
2016-05-26 18:38:50,874 INFO Increased RLIMIT_NOFILE limit to 1024
2016-05-26 18:39:00,999 INFO Increased RLIMIT_NOFILE limit to 1024
2016-05-26 18:39:11,129 INFO Increased RLIMIT_NOFILE limit to 1024
2016-05-26 18:39:21,258 INFO Increased RLIMIT_NOFILE limit to 1024
2016-05-26 18:39:31,384 INFO Increased RLIMIT_NOFILE limit to 1024
2016-05-26 18:39:41,513 INFO Increased RLIMIT_NOFILE limit to 1024
2016-05-26 18:39:51,639 INFO Increased RLIMIT_NOFILE limit to 1024
2016-05-26 18:40:01,763 INFO Increased RLIMIT_NOFILE limit to 1024
2016-05-26 18:40:11,884 INFO Increased RLIMIT_NOFILE limit to 1024
2016-05-26 18:40:22,015 INFO Increased RLIMIT_NOFILE limit to 1024
2016-05-26 18:40:32,145 INFO Increased RLIMIT_NOFILE limit to 1024
2016-05-26 18:40:42,272 INFO Increased RLIMIT_NOFILE limit to 1024
2016-05-26 18:40:52,403 INFO Increased RLIMIT_NOFILE limit to 1024
2016-05-26 18:41:02,529 INFO Increased RLIMIT_NOFILE limit to 1024
2016-05-26 18:41:12,656 INFO Increased RLIMIT_NOFILE limit to 1024
2016-05-26 18:41:22,788 INFO Increased RLIMIT_NOFILE limit to 1024
2016-05-26 18:41:32,911 INFO Increased RLIMIT_NOFILE limit to 1024
2016-05-26 18:41:43,038 INFO Increased RLIMIT_NOFILE limit to 1024
2016-05-26 18:41:53,169 INFO Increased RLIMIT_NOFILE limit to 1024
2016-05-26 18:42:03,292 INFO Increased RLIMIT_NOFILE limit to 1024
2016-05-26 18:42:13,419 INFO Increased RLIMIT_NOFILE limit to 1024
2016-05-26 18:42:23,544 INFO Increased RLIMIT_NOFILE limit to 1024
2016-05-26 18:42:33,666 INFO Increased RLIMIT_NOFILE limit to 1024
2016-05-26 18:42:43,792 INFO Increased RLIMIT_NOFILE limit to 1024
2016-05-26 18:42:53,921 INFO Increased RLIMIT_NOFILE limit to 1024
2016-05-26 18:43:04,045 INFO Increased RLIMIT_NOFILE limit to 1024
2016-05-26 18:43:14,171 INFO Increased RLIMIT_NOFILE limit to 1024
2016-05-26 18:43:24,292 INFO Increased RLIMIT_NOFILE limit to 1024
2016-05-26 18:43:34,418 INFO Increased RLIMIT_NOFILE limit to 1024
2016-05-26 18:43:44,541 INFO Increased RLIMIT_NOFILE limit to 1024
2016-05-26 18:43:54,667 INFO Increased RLIMIT_NOFILE limit to 1024
2016-05-26 18:44:04,789 INFO Increased RLIMIT_NOFILE limit to 1024
2016-05-26 18:44:14,915 INFO Increased RLIMIT_NOFILE limit to 1024
2016-05-26 18:44:25,045 INFO Increased RLIMIT_NOFILE limit to 1024
2016-05-26 18:44:35,171 INFO Increased RLIMIT_NOFILE limit to 1024
2016-05-26 18:44:45,299 INFO Increased RLIMIT_NOFILE limit to 1024
2016-05-26 18:44:55,424 INFO Increased RLIMIT_NOFILE limit to 1024
2016-05-26 18:45:05,562 INFO Increased RLIMIT_NOFILE limit to 1024
2016-05-26 18:45:15,685 INFO Increased RLIMIT_NOFILE limit to 1024
2016-05-26 18:45:25,809 INFO Increased RLIMIT_NOFILE limit to 1024
2016-05-26 18:45:35,935 INFO Increased RLIMIT_NOFILE limit to 1024
2016-05-26 18:45:46,065 INFO Increased RLIMIT_NOFILE limit to 1024
2016-05-26 18:45:56,191 INFO Increased RLIMIT_NOFILE limit to 1024
2016-05-26 18:46:06,318 INFO Increased RLIMIT_NOFILE limit to 1024
2016-05-26 18:46:16,442 INFO Increased RLIMIT_NOFILE limit to 1024
2016-05-26 18:46:26,574 INFO Increased RLIMIT_NOFILE limit to 1024
2016-05-26 18:46:36,708 INFO Increased RLIMIT_NOFILE limit to 1024
2016-05-26 18:46:46,831 INFO Increased RLIMIT_NOFILE limit to 1024
2016-05-26 18:46:56,972 INFO Increased RLIMIT_NOFILE limit to 1024
2016-05-26 18:47:07,102 INFO Increased RLIMIT_NOFILE limit to 1024
2016-05-26 18:47:17,228 INFO Increased RLIMIT_NOFILE limit to 1024
2016-05-26 18:47:27,355 INFO Increased RLIMIT_NOFILE limit to 1024
2016-05-26 18:47:37,477 INFO Increased RLIMIT_NOFILE limit to 1024
2016-05-26 18:47:47,604 INFO Increased RLIMIT_NOFILE limit to 1024
2016-05-26 18:47:57,729 INFO Increased RLIMIT_NOFILE limit to 1024
2016-05-26 18:48:07,879 INFO Increased RLIMIT_NOFILE limit to 1024
2016-05-26 18:48:18,007 INFO Increased RLIMIT_NOFILE limit to 1024
2016-05-26 18:48:28,134 INFO Increased RLIMIT_NOFILE limit to 1024
2016-05-26 18:48:38,258 INFO Increased RLIMIT_NOFILE limit to 1024
2016-05-26 18:48:48,386 INFO Increased RLIMIT_NOFILE limit to 1024
2016-05-26 18:48:58,509 INFO Increased RLIMIT_NOFILE limit to 1024
2016-05-26 18:49:08,635 INFO Increased RLIMIT_NOFILE limit to 1024
2016-05-26 18:49:18,761 INFO Increased RLIMIT_NOFILE limit to 1024
2016-05-26 18:49:28,885 INFO Increased RLIMIT_NOFILE limit to 1024
2016-05-26 18:49:39,009 INFO Increased RLIMIT_NOFILE limit to 1024
2016-05-26 18:49:49,136 INFO Increased RLIMIT_NOFILE limit to 1024
2016-05-26 18:49:59,261 INFO Increased RLIMIT_NOFILE limit to 1024
2016-05-26 18:50:09,387 INFO Increased RLIMIT_NOFILE limit to 1024
2016-05-26 18:50:19,517 INFO Increased RLIMIT_NOFILE limit to 1024
2016-05-26 18:50:29,643 INFO Increased RLIMIT_NOFILE limit to 1024
2016-05-26 18:50:39,785 INFO Increased RLIMIT_NOFILE limit to 1024
2016-05-26 18:50:49,907 INFO Increased RLIMIT_NOFILE limit to 1024
2016-05-26 18:51:00,042 INFO Increased RLIMIT_NOFILE limit to 1024
2016-05-26 18:51:10,164 INFO Increased RLIMIT_NOFILE limit to 1024
2016-05-26 18:51:20,287 INFO Increased RLIMIT_NOFILE limit to 1024
2016-05-26 18:51:30,415 INFO Increased RLIMIT_NOFILE limit to 1024
2016-05-26 18:51:40,538 INFO Increased RLIMIT_NOFILE limit to 1024
2016-05-26 18:51:50,665 INFO Increased RLIMIT_NOFILE limit to 1024
2016-05-26 18:52:00,793 INFO Increased RLIMIT_NOFILE limit to 1024
2016-05-26 18:52:10,916 INFO Increased RLIMIT_NOFILE limit to 1024
2016-05-26 18:52:21,077 INFO Increased RLIMIT_NOFILE limit to 1024
2016-05-26 18:52:31,209 INFO Increased RLIMIT_NOFILE limit to 1024
2016-05-26 18:52:41,332 INFO Increased RLIMIT_NOFILE limit to 1024
2016-05-26 18:52:51,457 INFO Increased RLIMIT_NOFILE limit to 1024
2016-05-26 18:53:01,593 INFO Increased RLIMIT_NOFILE limit to 1024
2016-05-26 18:53:11,720 INFO Increased RLIMIT_NOFILE limit to 1024
2016-05-26 18:53:21,844 INFO Increased RLIMIT_NOFILE limit to 1024
2016-05-26 18:53:32,005 INFO Increased RLIMIT_NOFILE limit to 1024
2016-05-26 18:53:42,131 INFO Increased RLIMIT_NOFILE limit to 1024
2016-05-26 18:53:52,255 INFO Increased RLIMIT_NOFILE limit to 1024
2016-05-26 18:54:02,387 INFO Increased RLIMIT_NOFILE limit to 1024
2016-05-26 18:54:12,514 INFO Increased RLIMIT_NOFILE limit to 1024
2016-05-26 18:54:22,641 INFO Increased RLIMIT_NOFILE limit to 1024
2016-05-26 18:54:32,773 INFO Increased RLIMIT_NOFILE limit to 1024
2016-05-26 18:54:42,898 INFO Increased RLIMIT_NOFILE limit to 1024
2016-05-26 18:54:53,064 INFO Increased RLIMIT_NOFILE limit to 1024
2016-05-26 18:55:03,193 INFO Increased RLIMIT_NOFILE limit to 1024
2016-05-26 18:55:13,321 INFO Increased RLIMIT_NOFILE limit to 1024
2016-05-26 18:55:23,450 INFO Increased RLIMIT_NOFILE limit to 1024
2016-05-26 18:55:33,578 INFO Increased RLIMIT_NOFILE limit to 1024
2016-05-26 18:55:43,706 INFO Increased RLIMIT_NOFILE limit to 1024
2016-05-26 18:55:53,832 INFO Increased RLIMIT_NOFILE limit to 1024
2016-05-26 18:56:03,962 INFO Increased RLIMIT_NOFILE limit to 1024
2016-05-26 18:56:14,093 INFO Increased RLIMIT_NOFILE limit to 1024
2016-05-26 18:56:24,224 INFO Increased RLIMIT_NOFILE limit to 1024
2016-05-26 18:56:34,350 INFO Increased RLIMIT_NOFILE limit to 1024
2016-05-26 18:56:44,478 INFO Increased RLIMIT_NOFILE limit to 1024
2016-05-26 18:56:54,607 INFO Increased RLIMIT_NOFILE limit to 1024
2016-05-26 18:57:04,742 INFO Increased RLIMIT_NOFILE limit to 1024
2016-05-26 18:57:14,933 INFO Increased RLIMIT_NOFILE limit to 1024
2016-05-26 18:57:25,063 INFO Increased RLIMIT_NOFILE limit to 1024
2016-05-26 18:57:35,190 INFO Increased RLIMIT_NOFILE limit to 1024
2016-05-26 18:57:45,317 INFO Increased RLIMIT_NOFILE limit to 1024
2016-05-26 18:57:55,445 INFO Increased RLIMIT_NOFILE limit to 1024
2016-05-26 18:58:05,575 INFO Increased RLIMIT_NOFILE limit to 1024
2016-05-26 18:58:15,714 INFO Increased RLIMIT_NOFILE limit to 1024
2016-05-26 18:58:25,844 INFO Increased RLIMIT_NOFILE limit to 1024
2016-05-26 18:58:35,968 INFO Increased RLIMIT_NOFILE limit to 1024
2016-05-26 18:58:46,096 INFO Increased RLIMIT_NOFILE limit to 1024
2016-05-26 18:58:56,221 INFO Increased RLIMIT_NOFILE limit to 1024
2016-05-26 18:59:06,349 INFO Increased RLIMIT_NOFILE limit to 1024
2016-05-26 18:59:16,478 INFO Increased RLIMIT_NOFILE limit to 1024
2016-05-26 18:59:26,602 INFO Increased RLIMIT_NOFILE limit to 1024
2016-05-26 18:59:36,727 INFO Increased RLIMIT_NOFILE limit to 1024
2016-05-26 18:59:46,856 INFO Increased RLIMIT_NOFILE limit to 1024
2016-05-26 18:59:56,983 INFO Increased RLIMIT_NOFILE limit to 1024
2016-05-26 19:00:07,111 INFO Increased RLIMIT_NOFILE limit to 1024
2016-05-26 19:00:17,234 INFO Increased RLIMIT_NOFILE limit to 1024
2016-05-26 19:00:27,363 INFO Increased RLIMIT_NOFILE limit to 1024
2016-05-26 19:00:37,493 INFO Increased RLIMIT_NOFILE limit to 1024
2016-05-26 19:00:47,618 INFO Increased RLIMIT_NOFILE limit to 1024
2016-05-26 19:00:57,743 INFO Increased RLIMIT_NOFILE limit to 1024
2016-05-26 19:01:07,865 INFO Increased RLIMIT_NOFILE limit to 1024
2016-05-26 19:01:17,993 INFO Increased RLIMIT_NOFILE limit to 1024
2016-05-26 19:01:28,119 INFO Increased RLIMIT_NOFILE limit to 1024
2016-05-26 19:01:38,250 INFO Increased RLIMIT_NOFILE limit to 1024
2016-05-26 19:01:48,377 INFO Increased RLIMIT_NOFILE limit to 1024
2016-05-26 19:01:58,507 INFO Increased RLIMIT_NOFILE limit to 1024
2016-05-26 19:02:08,636 INFO Increased RLIMIT_NOFILE limit to 1024
2016-05-26 19:02:18,760 INFO Increased RLIMIT_NOFILE limit to 1024
2016-05-26 19:02:28,886 INFO Increased RLIMIT_NOFILE limit to 1024
2016-05-26 19:02:39,013 INFO Increased RLIMIT_NOFILE limit to 1024
2016-05-26 19:02:49,141 INFO Increased RLIMIT_NOFILE limit to 1024
2016-05-26 19:02:59,267 INFO Increased RLIMIT_NOFILE limit to 1024
2016-05-26 19:03:09,392 INFO Increased RLIMIT_NOFILE limit to 1024
2016-05-26 19:03:19,516 INFO Increased RLIMIT_NOFILE limit to 1024
2016-05-26 19:03:29,665 INFO Increased RLIMIT_NOFILE limit to 1024
2016-05-26 19:03:39,819 INFO Increased RLIMIT_NOFILE limit to 1024
2016-05-26 19:03:49,952 INFO Increased RLIMIT_NOFILE limit to 1024
2016-05-26 19:04:00,083 INFO Increased RLIMIT_NOFILE limit to 1024
2016-05-26 19:04:10,208 INFO Increased RLIMIT_NOFILE limit to 1024
2016-05-26 19:04:20,333 INFO Increased RLIMIT_NOFILE limit to 1024
2016-05-26 19:04:30,456 INFO Increased RLIMIT_NOFILE limit to 1024
2016-05-26 19:04:40,589 INFO Increased RLIMIT_NOFILE limit to 1024
2016-05-26 19:04:50,715 INFO Increased RLIMIT_NOFILE limit to 1024
2016-05-26 19:05:00,842 INFO Increased RLIMIT_NOFILE limit to 1024
2016-05-26 19:05:10,966 INFO Increased RLIMIT_NOFILE limit to 1024
2016-05-26 19:05:21,095 INFO Increased RLIMIT_NOFILE limit to 1024
2016-05-26 19:05:31,220 INFO Increased RLIMIT_NOFILE limit to 1024
2016-05-26 19:05:41,342 INFO Increased RLIMIT_NOFILE limit to 1024
2016-05-26 19:05:51,465 INFO Increased RLIMIT_NOFILE limit to 1024
2016-05-26 19:06:01,591 INFO Increased RLIMIT_NOFILE limit to 1024
2016-05-26 19:06:11,721 INFO Increased RLIMIT_NOFILE limit to 1024
2016-05-26 19:06:21,853 INFO Increased RLIMIT_NOFILE limit to 1024
2016-05-26 19:06:31,988 INFO Increased RLIMIT_NOFILE limit to 1024
2016-05-26 19:06:42,121 INFO Increased RLIMIT_NOFILE limit to 1024
2016-05-26 19:06:52,249 INFO Increased RLIMIT_NOFILE limit to 1024
2016-05-26 19:07:02,374 INFO Increased RLIMIT_NOFILE limit to 1024
2016-05-26 19:07:12,500 INFO Increased RLIMIT_NOFILE limit to 1024
2016-05-26 19:07:22,635 INFO Increased RLIMIT_NOFILE limit to 1024
2016-05-26 19:07:32,761 INFO Increased RLIMIT_NOFILE limit to 1024
2016-05-26 19:07:42,886 INFO Increased RLIMIT_NOFILE limit to 1024
2016-05-26 19:07:53,012 INFO Increased RLIMIT_NOFILE limit to 1024
2016-05-26 19:08:03,139 INFO Increased RLIMIT_NOFILE limit to 1024
2016-05-26 19:08:13,265 INFO Increased RLIMIT_NOFILE limit to 1024
2016-05-26 19:08:23,392 INFO Increased RLIMIT_NOFILE limit to 1024
2016-05-26 19:08:33,522 INFO Increased RLIMIT_NOFILE limit to 1024
2016-05-26 19:08:43,648 INFO Increased RLIMIT_NOFILE limit to 1024
2016-05-26 19:08:53,774 INFO Increased RLIMIT_NOFILE limit to 1024
2016-05-26 19:09:03,900 INFO Increased RLIMIT_NOFILE limit to 1024
2016-05-26 19:09:14,029 INFO Increased RLIMIT_NOFILE limit to 1024
2016-05-26 19:09:24,159 INFO Increased RLIMIT_NOFILE limit to 1024
2016-05-26 19:09:34,287 INFO Increased RLIMIT_NOFILE limit to 1024
2016-05-26 19:09:44,417 INFO Increased RLIMIT_NOFILE limit to 1024
2016-05-26 19:09:54,542 INFO Increased RLIMIT_NOFILE limit to 1024
2016-05-26 19:10:04,678 INFO Increased RLIMIT_NOFILE limit to 1024
2016-05-26 19:10:14,802 INFO Increased RLIMIT_NOFILE limit to 1024
2016-05-26 19:10:24,930 INFO Increased RLIMIT_NOFILE limit to 1024
2016-05-26 19:10:35,090 INFO Increased RLIMIT_NOFILE limit to 1024
2016-05-26 19:10:45,236 INFO Increased RLIMIT_NOFILE limit to 1024
2016-05-26 19:10:55,362 INFO Increased RLIMIT_NOFILE limit to 1024
2016-05-26 19:11:05,489 INFO Increased RLIMIT_NOFILE limit to 1024
2016-05-26 19:11:15,617 INFO Increased RLIMIT_NOFILE limit to 1024
2016-05-26 19:11:25,758 INFO Increased RLIMIT_NOFILE limit to 1024
2016-05-26 19:11:35,884 INFO Increased RLIMIT_NOFILE limit to 1024
2016-05-26 19:11:46,021 INFO Increased RLIMIT_NOFILE limit to 1024
2016-05-26 19:11:56,147 INFO Increased RLIMIT_NOFILE limit to 1024
2016-05-26 19:12:06,277 INFO Increased RLIMIT_NOFILE limit to 1024
2016-05-26 19:12:16,425 INFO Increased RLIMIT_NOFILE limit to 1024
2016-05-26 19:12:26,558 INFO Increased RLIMIT_NOFILE limit to 1024
2016-05-26 19:12:36,683 INFO Increased RLIMIT_NOFILE limit to 1024
2016-05-26 19:12:46,809 INFO Increased RLIMIT_NOFILE limit to 1024
2016-05-26 19:12:56,934 INFO Increased RLIMIT_NOFILE limit to 1024
2016-05-26 19:13:07,059 INFO Increased RLIMIT_NOFILE limit to 1024
2016-05-26 19:13:17,186 INFO Increased RLIMIT_NOFILE limit to 1024
2016-05-26 19:13:27,316 INFO Increased RLIMIT_NOFILE limit to 1024
2016-05-26 19:13:37,445 INFO Increased RLIMIT_NOFILE limit to 1024
2016-05-26 19:13:47,573 INFO Increased RLIMIT_NOFILE limit to 1024
2016-05-26 19:13:57,701 INFO Increased RLIMIT_NOFILE limit to 1024
2016-05-26 19:14:07,829 INFO Increased RLIMIT_NOFILE limit to 1024
2016-05-26 19:14:17,954 INFO Increased RLIMIT_NOFILE limit to 1024
2016-05-26 19:14:28,081 INFO Increased RLIMIT_NOFILE limit to 1024
2016-05-26 19:14:38,209 INFO Increased RLIMIT_NOFILE limit to 1024
2016-05-26 19:14:48,334 INFO Increased RLIMIT_NOFILE limit to 1024
2016-05-26 19:14:58,460 INFO Increased RLIMIT_NOFILE limit to 1024
2016-05-26 19:15:08,586 INFO Increased RLIMIT_NOFILE limit to 1024
2016-05-26 19:15:18,713 INFO Increased RLIMIT_NOFILE limit to 1024
2016-05-26 19:15:28,837 INFO Increased RLIMIT_NOFILE limit to 1024
2016-05-26 19:15:38,963 INFO Increased RLIMIT_NOFILE limit to 1024
2016-05-26 19:15:49,089 INFO Increased RLIMIT_NOFILE limit to 1024
2016-05-26 19:15:59,216 INFO Increased RLIMIT_NOFILE limit to 1024
2016-05-26 19:16:09,342 INFO Increased RLIMIT_NOFILE limit to 1024
2016-05-26 19:16:19,470 INFO Increased RLIMIT_NOFILE limit to 1024
2016-05-26 19:16:29,595 INFO Increased RLIMIT_NOFILE limit to 1024
2016-05-26 19:16:39,724 INFO Increased RLIMIT_NOFILE limit to 1024
2016-05-26 19:16:49,852 INFO Increased RLIMIT_NOFILE limit to 1024
2016-05-26 19:16:59,980 INFO Increased RLIMIT_NOFILE limit to 1024
2016-05-26 19:17:10,108 INFO Increased RLIMIT_NOFILE limit to 1024
2016-05-26 19:17:20,234 INFO Increased RLIMIT_NOFILE limit to 1024
2016-05-26 19:17:30,361 INFO Increased RLIMIT_NOFILE limit to 1024
2016-05-26 19:17:40,485 INFO Increased RLIMIT_NOFILE limit to 1024
2016-05-26 19:17:50,616 INFO Increased RLIMIT_NOFILE limit to 1024
2016-05-26 19:18:00,752 INFO Increased RLIMIT_NOFILE limit to 1024
2016-05-26 19:18:10,882 INFO Increased RLIMIT_NOFILE limit to 1024
2016-05-26 19:18:21,011 INFO Increased RLIMIT_NOFILE limit to 1024
2016-05-26 19:18:31,143 INFO Increased RLIMIT_NOFILE limit to 1024
2016-05-26 19:18:41,273 INFO Increased RLIMIT_NOFILE limit to 1024
2016-05-26 19:18:51,400 INFO Increased RLIMIT_NOFILE limit to 1024
2016-05-26 19:19:01,537 INFO Increased RLIMIT_NOFILE limit to 1024
2016-05-26 19:19:11,665 INFO Increased RLIMIT_NOFILE limit to 1024
2016-05-26 19:19:21,801 INFO Increased RLIMIT_NOFILE limit to 1024
2016-05-26 19:19:31,926 INFO Increased RLIMIT_NOFILE limit to 1024
2016-05-26 19:19:42,051 INFO Increased RLIMIT_NOFILE limit to 1024
2016-05-26 19:19:52,181 INFO Increased RLIMIT_NOFILE limit to 1024
2016-05-26 19:20:02,315 INFO Increased RLIMIT_NOFILE limit to 1024
2016-05-26 19:20:12,442 INFO Increased RLIMIT_NOFILE limit to 1024
2016-05-26 19:20:22,571 INFO Increased RLIMIT_NOFILE limit to 1024
2016-05-26 19:20:32,697 INFO Increased RLIMIT_NOFILE limit to 1024
2016-05-26 19:20:42,835 INFO Increased RLIMIT_NOFILE limit to 1024
2016-05-26 19:20:52,963 INFO Increased RLIMIT_NOFILE limit to 1024
2016-05-26 19:21:03,088 INFO Increased RLIMIT_NOFILE limit to 1024
2016-05-26 19:21:13,218 INFO Increased RLIMIT_NOFILE limit to 1024
2016-05-26 19:21:23,345 INFO Increased RLIMIT_NOFILE limit to 1024
2016-05-26 19:21:33,474 INFO Increased RLIMIT_NOFILE limit to 1024
2016-05-26 19:21:43,615 INFO Increased RLIMIT_NOFILE limit to 1024
2016-05-26 19:21:53,748 INFO Increased RLIMIT_NOFILE limit to 1024
2016-05-26 19:22:03,873 INFO Increased RLIMIT_NOFILE limit to 1024
2016-05-26 19:22:14,002 INFO Increased RLIMIT_NOFILE limit to 1024
2016-05-26 19:22:24,127 INFO Increased RLIMIT_NOFILE limit to 1024
2016-05-26 19:22:34,256 INFO Increased RLIMIT_NOFILE limit to 1024
2016-05-26 19:22:44,382 INFO Increased RLIMIT_NOFILE limit to 1024
2016-05-26 19:22:54,512 INFO Increased RLIMIT_NOFILE limit to 1024
2016-05-26 19:23:04,636 INFO Increased RLIMIT_NOFILE limit to 1024
2016-05-26 19:23:14,760 INFO Increased RLIMIT_NOFILE limit to 1024
2016-05-26 19:23:24,888 INFO Increased RLIMIT_NOFILE limit to 1024
2016-05-26 19:23:35,013 INFO Increased RLIMIT_NOFILE limit to 1024
2016-05-26 19:23:45,135 INFO Increased RLIMIT_NOFILE limit to 1024
2016-05-26 19:23:55,266 INFO Increased RLIMIT_NOFILE limit to 1024
2016-05-26 19:24:05,390 INFO Increased RLIMIT_NOFILE limit to 1024
2016-05-26 19:24:15,517 INFO Increased RLIMIT_NOFILE limit to 1024
2016-05-26 19:24:25,641 INFO Increased RLIMIT_NOFILE limit to 1024
2016-05-26 19:24:35,764 INFO Increased RLIMIT_NOFILE limit to 1024
2016-05-26 19:24:45,890 INFO Increased RLIMIT_NOFILE limit to 1024
2016-05-26 19:24:56,030 INFO Increased RLIMIT_NOFILE limit to 1024
2016-05-26 19:25:06,153 INFO Increased RLIMIT_NOFILE limit to 1024
2016-05-26 19:25:16,281 INFO Increased RLIMIT_NOFILE limit to 1024
2016-05-26 19:25:26,413 INFO Increased RLIMIT_NOFILE limit to 1024
2016-05-26 19:25:36,542 INFO Increased RLIMIT_NOFILE limit to 1024
2016-05-26 19:26:17,065 INFO Increased RLIMIT_NOFILE limit to 1024
2016-05-26 19:26:27,191 INFO Increased RLIMIT_NOFILE limit to 1024
2016-05-26 19:26:37,314 INFO Increased RLIMIT_NOFILE limit to 1024
2016-05-26 19:26:47,440 INFO Increased RLIMIT_NOFILE limit to 1024
2016-05-26 19:26:57,568 INFO Increased RLIMIT_NOFILE limit to 1024
2016-05-26 19:27:07,697 INFO Increased RLIMIT_NOFILE limit to 1024
2016-05-26 19:27:17,826 INFO Increased RLIMIT_NOFILE limit to 1024
2016-05-26 19:27:27,958 INFO Increased RLIMIT_NOFILE limit to 1024
2016-05-26 19:27:38,087 INFO Increased RLIMIT_NOFILE limit to 1024
2016-05-26 19:27:48,214 INFO Increased RLIMIT_NOFILE limit to 1024
2016-05-26 19:27:58,341 INFO Increased RLIMIT_NOFILE limit to 1024
2016-05-26 19:28:08,470 INFO Increased RLIMIT_NOFILE limit to 1024
2016-05-26 19:28:18,597 INFO Increased RLIMIT_NOFILE limit to 1024
2016-05-26 19:28:28,724 INFO Increased RLIMIT_NOFILE limit to 1024
